Release 14.3 - xst P.40xd (lin64)
Copyright (c) 1995-2012 Xilinx, Inc.  All rights reserved.
--> 
Parameter TMPDIR set to xst/projnav.tmp


Total REAL time to Xst completion: 1.00 secs
Total CPU time to Xst completion: 0.05 secs
 
--> 
Parameter xsthdpdir set to xst


Total REAL time to Xst completion: 1.00 secs
Total CPU time to Xst completion: 0.05 secs
 
--> 
Reading design: NES.prj

TABLE OF CONTENTS
  1) Synthesis Options Summary
  2) HDL Compilation
  3) Design Hierarchy Analysis
  4) HDL Analysis
  5) HDL Synthesis
     5.1) HDL Synthesis Report
  6) Advanced HDL Synthesis
     6.1) Advanced HDL Synthesis Report
  7) Low Level Synthesis
  8) Partition Report
  9) Final Report
	9.1) Device utilization summary
	9.2) Partition Resource Summary
	9.3) TIMING REPORT


=========================================================================
*                      Synthesis Options Summary                        *
=========================================================================
---- Source Parameters
Input File Name                    : "NES.prj"
Input Format                       : mixed
Ignore Synthesis Constraint File   : NO

---- Target Parameters
Output File Name                   : "NES"
Output Format                      : NGC
Target Device                      : xc5vlx110t-1-ff1136

---- Source Options
Top Module Name                    : NES
Automatic FSM Extraction           : YES
FSM Encoding Algorithm             : Auto
Safe Implementation                : No
FSM Style                          : LUT
RAM Extraction                     : Yes
RAM Style                          : Auto
ROM Extraction                     : Yes
Mux Style                          : Auto
Decoder Extraction                 : YES
Priority Encoder Extraction        : Yes
Shift Register Extraction          : YES
Logical Shifter Extraction         : YES
XOR Collapsing                     : YES
ROM Style                          : Auto
Mux Extraction                     : Yes
Resource Sharing                   : YES
Asynchronous To Synchronous        : NO
Use DSP Block                      : Auto
Automatic Register Balancing       : No

---- Target Options
LUT Combining                      : Auto
Reduce Control Sets                : Auto
Add IO Buffers                     : YES
Global Maximum Fanout              : 100000
Add Generic Clock Buffer(BUFG)     : 32
Register Duplication               : YES
Slice Packing                      : YES
Optimize Instantiated Primitives   : NO
Use Clock Enable                   : Auto
Use Synchronous Set                : Auto
Use Synchronous Reset              : Auto
Pack IO Registers into IOBs        : Auto
Equivalent register Removal        : YES

---- General Options
Optimization Goal                  : Speed
Optimization Effort                : 1
Power Reduction                    : NO
Keep Hierarchy                     : No
Netlist Hierarchy                  : As_Optimized
RTL Output                         : Yes
Global Optimization                : AllClockNets
Read Cores                         : YES
Write Timing Constraints           : NO
Cross Clock Analysis               : NO
Hierarchy Separator                : /
Bus Delimiter                      : <>
Case Specifier                     : Maintain
Slice Utilization Ratio            : 100
BRAM Utilization Ratio             : 100
DSP48 Utilization Ratio            : 100
Verilog 2001                       : YES
Auto BRAM Packing                  : NO
Slice Utilization Ratio Delta      : 5

=========================================================================


=========================================================================
*                          HDL Compilation                              *
=========================================================================
Compiling verilog file "../my_clock_divider.v" in library work
Compiling verilog file "../NES_controller.v" in library work
Module <my_clock_divider> compiled
Module <NES> compiled
No errors in compilation
Analysis of file <"NES.prj"> succeeded.
 

=========================================================================
*                     Design Hierarchy Analysis                         *
=========================================================================
Analyzing hierarchy for module <NES> in library <work> with parameters.
	A = "00000"
	B = "00010"
	DIV_CNT = "00000000000000110010000000000000"
	DN = "01010"
	LEFT = "01100"
	RIGHT = "01110"
	SEL = "00100"
	START = "00110"
	STROBED = "01111"
	UP = "01000"
	WAIT = "10000"
	WAIT_A = "00001"
	WAIT_B = "00011"
	WAIT_DN = "01011"
	WAIT_LEFT = "01101"
	WAIT_SEL = "00101"
	WAIT_START = "00111"
	WAIT_UP = "01001"

Analyzing hierarchy for module <my_clock_divider> in library <work> with parameters.
	DIV_OVER_TWO = "00000000000000000000000000000001"
	DIV_SIZE = "00000000000000000000000000000100"

Analyzing hierarchy for module <my_clock_divider> in library <work> with parameters.
	DIV_OVER_TWO = "00000000000000000000000000101000"
	DIV_SIZE = "00000000000000000000000000000111"


=========================================================================
*                            HDL Analysis                               *
=========================================================================
Analyzing top module <NES>.
	A = 5'b00000
	B = 5'b00010
	DIV_CNT = 32'sb00000000000000110010000000000000
	DN = 5'b01010
	LEFT = 5'b01100
	RIGHT = 5'b01110
	SEL = 5'b00100
	START = 5'b00110
	STROBED = 5'b01111
	UP = 5'b01000
	WAIT = 5'b10000
	WAIT_A = 5'b00001
	WAIT_B = 5'b00011
	WAIT_DN = 5'b01011
	WAIT_LEFT = 5'b01101
	WAIT_SEL = 5'b00101
	WAIT_START = 5'b00111
	WAIT_UP = 5'b01001
Module <NES> is correct for synthesis.
 
Analyzing module <my_clock_divider.1> in library <work>.
	DIV_OVER_TWO = 32'sb00000000000000000000000000000001
	DIV_SIZE = 32'sb00000000000000000000000000000100
Module <my_clock_divider.1> is correct for synthesis.
 
Analyzing module <my_clock_divider.2> in library <work>.
	DIV_OVER_TWO = 32'sb00000000000000000000000000101000
	DIV_SIZE = 32'sb00000000000000000000000000000111
Module <my_clock_divider.2> is correct for synthesis.
 

=========================================================================
*                           HDL Synthesis                               *
=========================================================================

Performing bidirectional port resolution...

Synthesizing Unit <my_clock_divider_1>.
    Related source file is "../my_clock_divider.v".
    Found 1-bit register for signal <clock_out>.
    Found 4-bit up counter for signal <counter>.
    Summary:
	inferred   1 Counter(s).
	inferred   1 D-type flip-flop(s).
Unit <my_clock_divider_1> synthesized.


Synthesizing Unit <my_clock_divider_2>.
    Related source file is "../my_clock_divider.v".
    Found 1-bit register for signal <clock_out>.
    Found 7-bit up counter for signal <counter>.
    Summary:
	inferred   1 Counter(s).
	inferred   1 D-type flip-flop(s).
Unit <my_clock_divider_2> synthesized.


Synthesizing Unit <NES>.
    Related source file is "../NES_controller.v".
WARNING:Xst:1306 - Output <FF00_data_out<7:4>> is never assigned.
WARNING:Xst:647 - Input <FF00_data_in<7:6>> is never used. This port will be preserved and left unconnected if it belongs to a top-level block or it belongs to a sub-block and the hierarchy of this sub-block is preserved.
WARNING:Xst:647 - Input <FF00_data_in<3:0>> is never used. This port will be preserved and left unconnected if it belongs to a top-level block or it belongs to a sub-block and the hierarchy of this sub-block is preserved.
INFO:Xst:2117 - HDL ADVISOR - Mux Selector <state> of Case statement line 96 was re-encoded using one-hot encoding. The case statement will be optimized (default statement optimization), but this optimization may lead to design initialization problems. To ensure the design works safely, you can:
   	- add an 'INIT' attribute on signal <state> (optimization is then done without any risk)
   	- use the attribute 'signal_encoding user' to avoid onehot optimization
   	- use the attribute 'safe_implementation yes' to force XST to perform a safe (but less efficient) optimization
    Using one-hot encoding for signal <state>.
INFO:Xst:2117 - HDL ADVISOR - Mux Selector <state> of Case statement line 96 was re-encoded using one-hot encoding. The case statement will be optimized (default statement optimization), but this optimization may lead to design initialization problems. To ensure the design works safely, you can:
   	- add an 'INIT' attribute on signal <state> (optimization is then done without any risk)
   	- use the attribute 'signal_encoding user' to avoid onehot optimization
   	- use the attribute 'safe_implementation yes' to force XST to perform a safe (but less efficient) optimization
    Found 4-bit register for signal <FF00_data_out<3:0>>.
    Found 1-bit register for signal <clk_out>.
    Found 1-bit register for signal <joypad_interrupt>.
    Found 1-bit register for signal <strobe>.
    Found 18-bit up counter for signal <clock_counter>.
    Found 1-bit register for signal <ctrl_a>.
    Found 1-bit register for signal <ctrl_b>.
    Found 1-bit register for signal <ctrl_dn>.
    Found 1-bit register for signal <ctrl_l>.
    Found 1-bit register for signal <ctrl_r>.
    Found 1-bit register for signal <ctrl_sel>.
    Found 1-bit register for signal <ctrl_start>.
    Found 1-bit register for signal <ctrl_up>.
    Found 4-bit comparator not equal for signal <joypad_interrupt$cmp_ne0000> created at line 75.
    Found 4-bit comparator not equal for signal <joypad_interrupt$cmp_ne0001> created at line 83.
    Found 17-bit register for signal <n_state>.
    Found 17-bit register for signal <state>.
    Summary:
	inferred   1 Counter(s).
	inferred  49 D-type flip-flop(s).
	inferred   2 Comparator(s).
Unit <NES> synthesized.


=========================================================================
HDL Synthesis Report

Macro Statistics
# Counters                                             : 3
 18-bit up counter                                     : 1
 4-bit up counter                                      : 1
 7-bit up counter                                      : 1
# Registers                                            : 19
 1-bit register                                        : 17
 17-bit register                                       : 2
# Comparators                                          : 2
 4-bit comparator not equal                            : 2

=========================================================================

=========================================================================
*                       Advanced HDL Synthesis                          *
=========================================================================

WARNING:Xst:1293 - FF/Latch <n_state_15> has a constant value of 0 in block <NES>. This FF/Latch will be trimmed during the optimization process.
WARNING:Xst:2677 - Node <n_state_16> of sequential type is unconnected in block <NES>.
WARNING:Xst:2677 - Node <state_16> of sequential type is unconnected in block <NES>.
WARNING:Xst:2677 - Node <n_state_16> of sequential type is unconnected in block <NES>.
WARNING:Xst:2677 - Node <state_16> of sequential type is unconnected in block <NES>.

=========================================================================
Advanced HDL Synthesis Report

Macro Statistics
# Counters                                             : 3
 18-bit up counter                                     : 1
 4-bit up counter                                      : 1
 7-bit up counter                                      : 1
# Registers                                            : 49
 Flip-Flops                                            : 49
# Comparators                                          : 2
 4-bit comparator not equal                            : 2

=========================================================================

=========================================================================
*                         Low Level Synthesis                           *
=========================================================================
WARNING:Xst:1293 - FF/Latch <n_state_15> has a constant value of 0 in block <NES>. This FF/Latch will be trimmed during the optimization process.

Optimizing unit <NES> ...

Mapping all equations...
Building and optimizing final netlist ...
Found area constraint ratio of 100 (+ 5) on block NES, actual ratio is 0.
INFO:Xst:2260 - The FF/Latch <state_15> in Unit <NES> is equivalent to the following FF/Latch : <strobe> 
FlipFlop FF00_data_out_3 has been replicated 1 time(s) to handle iob=true attribute.
FlipFlop FF00_data_out_2 has been replicated 1 time(s) to handle iob=true attribute.
FlipFlop FF00_data_out_1 has been replicated 1 time(s) to handle iob=true attribute.
FlipFlop FF00_data_out_0 has been replicated 1 time(s) to handle iob=true attribute.

Final Macro Processing ...

=========================================================================
Final Register Report

Macro Statistics
# Registers                                            : 81
 Flip-Flops                                            : 81

=========================================================================

=========================================================================
*                           Partition Report                            *
=========================================================================

Partition Implementation Status
-------------------------------

  No Partitions were found in this design.

-------------------------------

=========================================================================
*                            Final Report                               *
=========================================================================
Final Results
RTL Top Level Output File Name     : NES.ngr
Top Level Output File Name         : NES
Output Format                      : NGC
Optimization Goal                  : Speed
Keep Hierarchy                     : No

Design Statistics
# IOs                              : 22

Cell Usage :
# BELS                             : 131
#      GND                         : 1
#      INV                         : 3
#      LUT1                        : 17
#      LUT2                        : 5
#      LUT3                        : 16
#      LUT4                        : 5
#      LUT5                        : 38
#      LUT6                        : 9
#      MUXCY                       : 17
#      MUXF7                       : 1
#      VCC                         : 1
#      XORCY                       : 18
# FlipFlops/Latches                : 81
#      FD                          : 66
#      FDE                         : 8
#      FDR                         : 6
#      FDRS                        : 1
# Clock Buffers                    : 3
#      BUFG                        : 1
#      BUFGP                       : 2
# IO Buffers                       : 10
#      IBUF                        : 3
#      OBUF                        : 7
=========================================================================

Device utilization summary:
---------------------------

Selected Device : 5vlx110tff1136-1 


Slice Logic Utilization: 
 Number of Slice Registers:              76  out of  69120     0%  
 Number of Slice LUTs:                   93  out of  69120     0%  
    Number used as Logic:                93  out of  69120     0%  

Slice Logic Distribution: 
 Number of LUT Flip Flop pairs used:    105
   Number with an unused Flip Flop:      29  out of    105    27%  
   Number with an unused LUT:            12  out of    105    11%  
   Number of fully used LUT-FF pairs:    64  out of    105    60%  
   Number of unique control sets:         8

IO Utilization: 
 Number of IOs:                          22
 Number of bonded IOBs:                  12  out of    640     1%  
    IOB Flip Flops/Latches:               5

Specific Feature Utilization:
 Number of BUFG/BUFGCTRLs:                3  out of     32     9%  

---------------------------
Partition Resource Summary:
---------------------------

  No Partitions were found in this design.

---------------------------


=========================================================================
TIMING REPORT

NOTE: THESE TIMING NUMBERS ARE ONLY A SYNTHESIS ESTIMATE.
      FOR ACCURATE TIMING INFORMATION PLEASE REFER TO THE TRACE REPORT
      GENERATED AFTER PLACE-and-ROUTE.

Clock Information:
------------------
-----------------------------------+------------------------+-------+
Clock Signal                       | Clock buffer(FF name)  | Load  |
-----------------------------------+------------------------+-------+
clk_in                             | BUFGP                  | 48    |
cdiv/clock_out                     | NONE(joypad_interrupt) | 1     |
statediv/clock_out1                | BUFG                   | 24    |
clock                              | BUFGP                  | 8     |
-----------------------------------+------------------------+-------+
INFO:Xst:2169 - HDL ADVISOR - Some clock signals were not automatically buffered by XST with BUFG/BUFR resources. Please use the buffer_type constraint in order to insert these buffers to the clock signals to help prevent skew problems.

Asynchronous Control Signals Information:
----------------------------------------
No asynchronous control signals found in this design

Timing Summary:
---------------
Speed Grade: -1

   Minimum period: 3.123ns (Maximum Frequency: 320.220MHz)
   Minimum input arrival time before clock: 2.080ns
   Maximum output required time after clock: 3.264ns
   Maximum combinational path delay: No path found

Timing Detail:
--------------
All values displayed in nanoseconds (ns)

=========================================================================
Timing constraint: Default period analysis for Clock 'clk_in'
  Clock period: 3.123ns (frequency: 320.220MHz)
  Total number of paths / destination ports: 832 / 44
-------------------------------------------------------------------------
Delay:               3.123ns (Levels of Logic = 17)
  Source:            clock_counter_3 (FF)
  Destination:       clock_counter_17 (FF)
  Source Clock:      clk_in rising
  Destination Clock: clk_in rising

  Data Path: clock_counter_3 to clock_counter_17
                                Gate     Net
    Cell:in->out      fanout   Delay   Delay  Logical Name (Net Name)
    ----------------------------------------  ------------
     FD:C->Q              35   0.471   0.608  clock_counter_3 (clock_counter_3)
     LUT1:I0->O            1   0.094   0.000  Mcount_clock_counter_cy<3>_rt (Mcount_clock_counter_cy<3>_rt)
     MUXCY:S->O            1   0.372   0.000  Mcount_clock_counter_cy<3> (Mcount_clock_counter_cy<3>)
     MUXCY:CI->O           1   0.026   0.000  Mcount_clock_counter_cy<4> (Mcount_clock_counter_cy<4>)
     MUXCY:CI->O           1   0.026   0.000  Mcount_clock_counter_cy<5> (Mcount_clock_counter_cy<5>)
     MUXCY:CI->O           1   0.026   0.000  Mcount_clock_counter_cy<6> (Mcount_clock_counter_cy<6>)
     MUXCY:CI->O           1   0.026   0.000  Mcount_clock_counter_cy<7> (Mcount_clock_counter_cy<7>)
     MUXCY:CI->O           1   0.026   0.000  Mcount_clock_counter_cy<8> (Mcount_clock_counter_cy<8>)
     MUXCY:CI->O           1   0.026   0.000  Mcount_clock_counter_cy<9> (Mcount_clock_counter_cy<9>)
     MUXCY:CI->O           1   0.026   0.000  Mcount_clock_counter_cy<10> (Mcount_clock_counter_cy<10>)
     MUXCY:CI->O           1   0.026   0.000  Mcount_clock_counter_cy<11> (Mcount_clock_counter_cy<11>)
     MUXCY:CI->O           1   0.026   0.000  Mcount_clock_counter_cy<12> (Mcount_clock_counter_cy<12>)
     MUXCY:CI->O           1   0.026   0.000  Mcount_clock_counter_cy<13> (Mcount_clock_counter_cy<13>)
     MUXCY:CI->O           1   0.026   0.000  Mcount_clock_counter_cy<14> (Mcount_clock_counter_cy<14>)
     MUXCY:CI->O           1   0.026   0.000  Mcount_clock_counter_cy<15> (Mcount_clock_counter_cy<15>)
     MUXCY:CI->O           0   0.026   0.000  Mcount_clock_counter_cy<16> (Mcount_clock_counter_cy<16>)
     XORCY:CI->O           1   0.357   0.789  Mcount_clock_counter_xor<17> (Result<17>)
     LUT5:I1->O            1   0.094   0.000  clock_counter_17_rstpot (clock_counter_17_rstpot)
     FD:D                     -0.018          clock_counter_17
    ----------------------------------------
    Total                      3.123ns (1.726ns logic, 1.397ns route)
                                       (55.3% logic, 44.7% route)

=========================================================================
Timing constraint: Default period analysis for Clock 'clock'
  Clock period: 2.657ns (frequency: 376.364MHz)
  Total number of paths / destination ports: 56 / 10
-------------------------------------------------------------------------
Delay:               2.657ns (Levels of Logic = 2)
  Source:            cdiv/counter_4 (FF)
  Destination:       cdiv/counter_5 (FF)
  Source Clock:      clock rising
  Destination Clock: clock rising

  Data Path: cdiv/counter_4 to cdiv/counter_5
                                Gate     Net
    Cell:in->out      fanout   Delay   Delay  Logical Name (Net Name)
    ----------------------------------------  ------------
     FD:C->Q               5   0.471   0.598  cdiv/counter_4 (cdiv/counter_4)
     LUT2:I0->O            1   0.094   0.480  cdiv/clock_out_cmp_eq0000_SW0 (N11)
     LUT6:I5->O            3   0.094   0.347  cdiv/clock_out_cmp_eq0000 (cdiv/clock_out_cmp_eq0000)
     FDR:R                     0.573          cdiv/counter_5
    ----------------------------------------
    Total                      2.657ns (1.232ns logic, 1.425ns route)
                                       (46.4% logic, 53.6% route)

=========================================================================
Timing constraint: Default period analysis for Clock 'statediv/clock_out1'
  Clock period: 1.385ns (frequency: 722.022MHz)
  Total number of paths / destination ports: 9 / 9
-------------------------------------------------------------------------
Delay:               1.385ns (Levels of Logic = 0)
  Source:            clk_out (FF)
  Destination:       clk_out (FF)
  Source Clock:      statediv/clock_out1 rising
  Destination Clock: statediv/clock_out1 rising

  Data Path: clk_out to clk_out
                                Gate     Net
    Cell:in->out      fanout   Delay   Delay  Logical Name (Net Name)
    ----------------------------------------  ------------
     FDRS:C->Q             2   0.471   0.341  clk_out (clk_out_OBUF)
     FDRS:R                    0.573          clk_out
    ----------------------------------------
    Total                      1.385ns (1.044ns logic, 0.341ns route)
                                       (75.4% logic, 24.6% route)

=========================================================================
Timing constraint: Default OFFSET IN BEFORE for Clock 'clk_in'
  Total number of paths / destination ports: 24 / 16
-------------------------------------------------------------------------
Offset:              2.080ns (Levels of Logic = 2)
  Source:            FF00_data_in<4> (PAD)
  Destination:       FF00_data_out_3 (FF)
  Destination Clock: clk_in rising

  Data Path: FF00_data_in<4> to FF00_data_out_3
                                Gate     Net
    Cell:in->out      fanout   Delay   Delay  Logical Name (Net Name)
    ----------------------------------------  ------------
     IBUF:I->O             2   0.818   0.581  FF00_data_in_4_IBUF (FF00_data_in_4_IBUF)
     LUT2:I0->O            8   0.094   0.374  FF00_data_out_3_and0000_inv1 (FF00_data_out_3_and0000_inv)
     FDE:CE                    0.213          FF00_data_out_3
    ----------------------------------------
    Total                      2.080ns (1.125ns logic, 0.955ns route)
                                       (54.1% logic, 45.9% route)

=========================================================================
Timing constraint: Default OFFSET IN BEFORE for Clock 'cdiv/clock_out'
  Total number of paths / destination ports: 2 / 1
-------------------------------------------------------------------------
Offset:              2.008ns (Levels of Logic = 2)
  Source:            FF00_data_in<5> (PAD)
  Destination:       joypad_interrupt (FF)
  Destination Clock: cdiv/clock_out rising

  Data Path: FF00_data_in<5> to joypad_interrupt
                                Gate     Net
    Cell:in->out      fanout   Delay   Delay  Logical Name (Net Name)
    ----------------------------------------  ------------
     IBUF:I->O             6   0.818   1.096  FF00_data_in_5_IBUF (FF00_data_in_5_IBUF)
     LUT6:I0->O            1   0.094   0.000  joypad_interrupt_mux0000272 (joypad_interrupt_mux0000)
     FD:D                     -0.018          joypad_interrupt
    ----------------------------------------
    Total                      2.008ns (0.912ns logic, 1.096ns route)
                                       (45.4% logic, 54.6% route)

=========================================================================
Timing constraint: Default OFFSET IN BEFORE for Clock 'statediv/clock_out1'
  Total number of paths / destination ports: 8 / 8
-------------------------------------------------------------------------
Offset:              1.526ns (Levels of Logic = 2)
  Source:            controller_data (PAD)
  Destination:       ctrl_b (FF)
  Destination Clock: statediv/clock_out1 rising

  Data Path: controller_data to ctrl_b
                                Gate     Net
    Cell:in->out      fanout   Delay   Delay  Logical Name (Net Name)
    ----------------------------------------  ------------
     IBUF:I->O             8   0.818   0.614  controller_data_IBUF (controller_data_IBUF)
     LUT3:I1->O            1   0.094   0.000  ctrl_b_rstpot (ctrl_b_rstpot)
     FD:D                     -0.018          ctrl_b
    ----------------------------------------
    Total                      1.526ns (0.912ns logic, 0.614ns route)
                                       (59.8% logic, 40.2% route)

=========================================================================
Timing constraint: Default OFFSET OUT AFTER for Clock 'statediv/clock_out1'
  Total number of paths / destination ports: 1 / 1
-------------------------------------------------------------------------
Offset:              3.264ns (Levels of Logic = 1)
  Source:            clk_out (FF)
  Destination:       clk_out (PAD)
  Source Clock:      statediv/clock_out1 rising

  Data Path: clk_out to clk_out
                                Gate     Net
    Cell:in->out      fanout   Delay   Delay  Logical Name (Net Name)
    ----------------------------------------  ------------
     FDRS:C->Q             2   0.471   0.341  clk_out (clk_out_OBUF)
     OBUF:I->O                 2.452          clk_out_OBUF (clk_out)
    ----------------------------------------
    Total                      3.264ns (2.923ns logic, 0.341ns route)
                                       (89.6% logic, 10.4% route)

=========================================================================
Timing constraint: Default OFFSET OUT AFTER for Clock 'cdiv/clock_out'
  Total number of paths / destination ports: 1 / 1
-------------------------------------------------------------------------
Offset:              3.259ns (Levels of Logic = 1)
  Source:            joypad_interrupt (FF)
  Destination:       joypad_interrupt (PAD)
  Source Clock:      cdiv/clock_out rising

  Data Path: joypad_interrupt to joypad_interrupt
                                Gate     Net
    Cell:in->out      fanout   Delay   Delay  Logical Name (Net Name)
    ----------------------------------------  ------------
     FD:C->Q               1   0.471   0.336  joypad_interrupt (joypad_interrupt_OBUF)
     OBUF:I->O                 2.452          joypad_interrupt_OBUF (joypad_interrupt)
    ----------------------------------------
    Total                      3.259ns (2.923ns logic, 0.336ns route)
                                       (89.7% logic, 10.3% route)

=========================================================================
Timing constraint: Default OFFSET OUT AFTER for Clock 'clk_in'
  Total number of paths / destination ports: 5 / 5
-------------------------------------------------------------------------
Offset:              3.259ns (Levels of Logic = 1)
  Source:            strobe (FF)
  Destination:       strobe (PAD)
  Source Clock:      clk_in rising

  Data Path: strobe to strobe
                                Gate     Net
    Cell:in->out      fanout   Delay   Delay  Logical Name (Net Name)
    ----------------------------------------  ------------
     FD:C->Q               1   0.471   0.336  strobe (strobe_OBUF)
     OBUF:I->O                 2.452          strobe_OBUF (strobe)
    ----------------------------------------
    Total                      3.259ns (2.923ns logic, 0.336ns route)
                                       (89.7% logic, 10.3% route)

=========================================================================


Total REAL time to Xst completion: 5.00 secs
Total CPU time to Xst completion: 4.65 secs
 
--> 


Total memory usage is 641264 kilobytes

Number of errors   :    0 (   0 filtered)
Number of warnings :    9 (   0 filtered)
Number of infos    :    4 (   0 filtered)

