Release 14.3 Map P.40xd (lin64)
Xilinx Mapping Report File for Design 'fb_top'

Design Information
------------------
Command Line   : map -intstyle ise -p xc5vlx110t-ff1136-1 -w -logic_opt off -ol
high -t 1 -register_duplication off -global_opt off -mt off -cm area -ir off -pr
off -lc off -power off -o fb_top_map.ncd fb_top.ngd fb_top.pcf 
Target Device  : xc5vlx110t
Target Package : ff1136
Target Speed   : -1
Mapper Version : virtex5 -- $Revision: 1.55 $
Mapped Date    : Wed Oct 23 12:42:01 2013

Design Summary
--------------
Number of errors:      0
Number of warnings:    4
Slice Logic Utilization:
  Number of Slice Registers:                   121 out of  69,120    1%
    Number used as Flip Flops:                 121
  Number of Slice LUTs:                        159 out of  69,120    1%
    Number used as logic:                      155 out of  69,120    1%
      Number using O6 output only:              91
      Number using O5 output only:              60
      Number using O5 and O6:                    4
    Number used as exclusive route-thru:         4
  Number of route-thrus:                        64
    Number using O6 output only:                64

Slice Logic Distribution:
  Number of occupied Slices:                    68 out of  17,280    1%
  Number of LUT Flip Flop pairs used:          177
    Number with an unused Flip Flop:            56 out of     177   31%
    Number with an unused LUT:                  18 out of     177   10%
    Number of fully used LUT-FF pairs:         103 out of     177   58%
    Number of unique control sets:              11
    Number of slice register sites lost
      to control set restrictions:              15 out of  69,120    1%

  A LUT Flip Flop pair for this architecture represents one LUT paired with
  one Flip Flop within a slice.  A control set is a unique combination of
  clock, reset, set, and enable signals for a registered element.
  The Slice Logic Distribution report is not meaningful if the design is
  over-mapped for a non-slice resource or if Placement fails.
  OVERMAPPING of BRAM resources should be ignored if the design is
  over-mapped for a non-BRAM resource or if placement fails.

IO Utilization:
  Number of bonded IOBs:                        25 out of     640    3%
    Number of LOCed IOBs:                       25 out of      25  100%
    IOB Flip Flops:                             17

Specific Feature Utilization:
  Number of BUFG/BUFGCTRLs:                      2 out of      32    6%
    Number used as BUFGs:                        2
  Number of DCM_ADVs:                            1 out of      12    8%

Average Fanout of Non-Clock Nets:                3.49

Peak Memory Usage:  1032 MB
Total REAL time to MAP completion:  10 secs 
Total CPU time to MAP completion:   10 secs 

Table of Contents
-----------------
Section 1 - Errors
Section 2 - Warnings
Section 3 - Informational
Section 4 - Removed Logic Summary
Section 5 - Removed Logic
Section 6 - IOB Properties
Section 7 - RPMs
Section 8 - Guide Report
Section 9 - Area Group and Partition Summary
Section 10 - Timing Report
Section 11 - Configuration String Information
Section 12 - Control Set Information
Section 13 - Utilization by Hierarchy

Section 1 - Errors
------------------

Section 2 - Warnings
--------------------
WARNING:Timing:3223 - Timing constraint TS_dvi_setup = MAXDELAY FROM TIMEGRP
   "dvi_c" TO TIMEGRP "dvi_d" 0.5 ns ignored during timing analysis.
WARNING:Timing:3223 - Timing constraint TS_dvi_hold = MAXDELAY FROM TIMEGRP
   "dvi_d" TO TIMEGRP "dvi_c" 0.5 ns ignored during timing analysis.
WARNING:PhysDesignRules:781 - PULLUP on an active net. PULLUP of comp
   ProtoComp49.PULL is set but the tri state is not configured. 
WARNING:PhysDesignRules:781 - PULLUP on an active net. PULLUP of comp
   ProtoComp49.PULL.1 is set but the tri state is not configured. 

Section 3 - Informational
-------------------------
INFO:MapLib:562 - No environment variables are currently set.
INFO:Pack:1716 - Initializing temperature to 85.000 Celsius. (default - Range:
   0.000 to 85.000 Celsius)
INFO:Pack:1720 - Initializing voltage to 0.950 Volts. (default - Range: 0.950 to
   1.050 Volts)
INFO:Map:215 - The Interim Design Summary has been generated in the MAP Report
   (.mrp).
INFO:Pack:1650 - Map created a placed design.

Section 4 - Removed Logic Summary
---------------------------------
   2 block(s) optimized away

Section 5 - Removed Logic
-------------------------

Optimized Block(s):
TYPE 		BLOCK
GND 		XST_GND
VCC 		XST_VCC

To enable printing of redundant blocks removed and signals merged, set the
detailed map report option and rerun map.

Section 6 - IOB Properties
--------------------------

+---------------------------------------------------------------------------------------------------------------------------------------------------------+
| IOB Name                           | Type             | Direction | IO Standard          | Diff  | Drive    | Slew | Reg (s)      | Resistor | IOB      |
|                                    |                  |           |                      | Term  | Strength | Rate |              |          | Delay    |
+---------------------------------------------------------------------------------------------------------------------------------------------------------+
| dvi_d<0>                           | IOB              | OUTPUT    | LVDCI_33             |       |          |      | ODDR         |          |          |
| dvi_d<1>                           | IOB              | OUTPUT    | LVDCI_33             |       |          |      | ODDR         |          |          |
| dvi_d<2>                           | IOB              | OUTPUT    | LVDCI_33             |       |          |      | ODDR         |          |          |
| dvi_d<3>                           | IOB              | OUTPUT    | LVDCI_33             |       |          |      | ODDR         |          |          |
| dvi_d<4>                           | IOB              | OUTPUT    | LVDCI_33             |       |          |      | ODDR         |          |          |
| dvi_d<5>                           | IOB              | OUTPUT    | LVDCI_33             |       |          |      | ODDR         |          |          |
| dvi_d<6>                           | IOB              | OUTPUT    | LVDCI_33             |       |          |      | ODDR         |          |          |
| dvi_d<7>                           | IOB              | OUTPUT    | LVDCI_33             |       |          |      | ODDR         |          |          |
| dvi_d<8>                           | IOB              | OUTPUT    | LVDCI_33             |       |          |      | ODDR         |          |          |
| dvi_d<9>                           | IOB              | OUTPUT    | LVDCI_33             |       |          |      | ODDR         |          |          |
| dvi_d<10>                          | IOB              | OUTPUT    | LVDCI_33             |       |          |      | ODDR         |          |          |
| dvi_d<11>                          | IOB              | OUTPUT    | LVDCI_33             |       |          |      | ODDR         |          |          |
| dvi_de                             | IOB              | OUTPUT    | LVDCI_33             |       |          |      | ODDR         |          |          |
| dvi_hs                             | IOB              | OUTPUT    | LVDCI_33             |       |          |      | ODDR         |          |          |
| dvi_reset_b                        | IOB              | OUTPUT    | LVDCI_33             |       |          |      |              |          |          |
| dvi_scl                            | IOB              | OUTPUT    | SSTL18_II            |       |          |      |              | PULLUP   |          |
| dvi_sda                            | IOB              | OUTPUT    | SSTL18_II            |       |          |      |              | PULLUP   |          |
| dvi_vs                             | IOB              | OUTPUT    | LVDCI_33             |       |          |      | ODDR         |          |          |
| dvi_xclk_n                         | IOB              | OUTPUT    | LVDCI_33             |       |          |      | ODDR         |          |          |
| dvi_xclk_p                         | IOB              | OUTPUT    | LVDCI_33             |       |          |      | ODDR         |          |          |
| fbclk_ready                        | IOB              | OUTPUT    | LVCMOS25             |       | 12       | SLOW |              |          |          |
| fclk                               | IOB              | INPUT     | LVCMOS25             |       |          |      |              |          |          |
| fclk_rst_b                         | IOB              | INPUT     | SSTL18_II            |       |          |      |              |          |          |
| iic_done                           | IOB              | OUTPUT    | LVCMOS25             |       | 12       | SLOW |              |          |          |
| led_out                            | IOB              | OUTPUT    | LVCMOS25             |       | 12       | SLOW |              |          |          |
+---------------------------------------------------------------------------------------------------------------------------------------------------------+

Section 7 - RPMs
----------------

Section 8 - Guide Report
------------------------
Guide not run on this design.

Section 9 - Area Group and Partition Summary
--------------------------------------------

Partition Implementation Status
-------------------------------

  No Partitions were found in this design.

-------------------------------

Area Group Information
----------------------

  No area groups were found in this design.

----------------------

Section 10 - Timing Report
--------------------------
A logic-level (pre-route) timing report can be generated by using Xilinx static
timing analysis tools, Timing Analyzer (GUI) or TRCE (command line), with the
mapped NCD and PCF files. Please note that this timing report will be generated
using estimated delay information. For accurate numbers, please generate a
timing report with the post Place and Route NCD file.

For more information about the Timing Analyzer, consult the Xilinx Timing
Analyzer Reference Manual; for more information about TRCE, consult the Xilinx
Command Line Tools User Guide "TRACE" chapter.

Section 11 - Configuration String Details
-----------------------------------------
Use the "-detail" map option to print out Configuration Strings

Section 12 - Control Set Information
------------------------------------
Use the "-detail" map option to print out Control Set Information.

Section 13 - Utilization by Hierarchy
-------------------------------------
Use the "-detail" map option to print out the Utilization by Hierarchy section.
