iMPACT Version: 14.3

iMPACT log file Started on Sat Oct 12 14:09:06 2013

Welcome to iMPACT
iMPACT Version: 14.3
Project: /root//auto_project.ipf created.
// *** BATCH CMD : setMode -bs
GUI --- Auto connect to cable...
// *** BATCH CMD : setCable -port auto
INFO:iMPACT - Digilent Plugin: Plugin Version: 2.4.3
INFO:iMPACT - Digilent Plugin: no JTAG device was found.
AutoDetecting cable. Please wait.
*** WARNING ***: When port is set to auto detect mode, cable speed is set todefault 6 MHz regardless of explicit arguments supplied for setting the baudrates
PROGRESS_START - Starting Operation.
If you are using the Platform Cable USB, please refer to the USB CableInstallation Guide (UG344) to install the libusb package.
Connecting to cable (Usb Port - USB21).
Checking cable driver.
File version of /opt/Xilinx/14.3/ISE_DS/ISE/bin/lin64/xusbdfwu.hex = 1030.
File version of /usr/share/xusbdfwu.hex = 1030.
 WinDriver v10.31 Jungo (c) 1997 - 2011 Build Date: May 24 2011 x86_64 64bit18:13:19.
 Cable PID = 0008.
 Max current requested during enumeration is 74 mA.
Type = 0x0004.
 Cable Type = 3, Revision = 0.
 Setting cable speed to 6 MHz.
Cable connection established.
Firmware version = 1303.
File version of /opt/Xilinx/14.3/ISE_DS/ISE/data/xusb_xlp.hex = 1303.
Firmware hex file version = 1303.
PLD file version = 0012h.
 PLD version = 0012h.
PROGRESS_END - End Operation.
Elapsed time =      0 sec.
Type = 0x0004.
ESN option: 000010F0940B01.
Attempting to identify devices in the boundary-scan chain configuration...
INFO:iMPACT - Current time: 10/12/13 2:09 PM
// *** BATCH CMD : Identify -inferir 
PROGRESS_START - Starting Operation.
Identifying chain contents...'0': : Manufacturer's ID = Xilinx xc5vlx110t, Version : 7
INFO:iMPACT:1777 - 
   Reading /opt/Xilinx/14.3/ISE_DS/ISE/virtex5/data/xc5vlx110t.bsd...
INFO:iMPACT:501 - '1': Added Device xc5vlx110t successfully.
----------------------------------------------------------------------
'1': : Manufacturer's ID = Xilinx xccace, Version : 0
INFO:iMPACT:1777 - 
   Reading /opt/Xilinx/14.3/ISE_DS/ISE/acecf/data/xccace.bsd...
INFO:iMPACT:501 - '1': Added Device xccace successfully.
----------------------------------------------------------------------
'2': : Manufacturer's ID = Xilinx xc95144xl, Version : 5
INFO:iMPACT:1777 - 
   Reading /opt/Xilinx/14.3/ISE_DS/ISE/xc9500xl/data/xc95144xl.bsd...
INFO:iMPACT:501 - '1': Added Device xc95144xl successfully.
----------------------------------------------------------------------
'3': : Manufacturer's ID = Xilinx xcf32p, Version : 15
INFO:iMPACT:1777 - 
   Reading /opt/Xilinx/14.3/ISE_DS/ISE/xcfp/data/xcf32p.bsd...
INFO:iMPACT:501 - '1': Added Device xcf32p successfully.
----------------------------------------------------------------------
'4': : Manufacturer's ID = Xilinx xcf32p, Version : 15
INFO:iMPACT:501 - '1': Added Device xcf32p successfully.
----------------------------------------------------------------------
done.
PROGRESS_END - End Operation.
Elapsed time =      0 sec.
// *** BATCH CMD : identifyMPM 
// *** BATCH CMD : assignFile -p 5 -file"/Gameboy/cartridge_controller/Dump/cartridge.bit"
'5': Loading file '/Gameboy/cartridge_controller/Dump/cartridge.bit' ...
done.
INFO:iMPACT:2257 - Startup Clock has been changed to 'JtagClk' in the bitstream   stored in memory,
   but the original bitstream file remains unchanged.
UserID read from the bitstream file = 0xFFFFFFFF.
----------------------------------------------------------------------
INFO:iMPACT:501 - '5': Added Device xc5vlx110t successfully.
----------------------------------------------------------------------
INFO:iMPACT - Current time: 10/12/13 2:09 PM
// *** BATCH CMD : Program -p 5 
Maximum TCK operating frequency for this device chain: 10000000.
Validating chain...
Boundary-scan chain validated successfully.
5: Device Temperature: Current Reading:   43.48 C, Min. Reading:   37.58 C, Max.Reading:   66.62 C
5: VCCINT Supply: Current Reading:   1.043 V, Min. Reading:   1.028 V, Max.Reading:   1.122 V
5: VCCAUX Supply: Current Reading:   2.599 V, Min. Reading:   2.563 V, Max.Reading:   2.792 V
PROGRESS_START - Starting Operation.
'5': Programming device...
 Match_cycle = NoWait.
Match cycle: NoWait
 LCK_cycle = NoWait.
LCK cycle: NoWait
done.
INFO:iMPACT:2219 - Status register values:
INFO:iMPACT - 0011 1111 0111 1110 0000 1011 1100 0000 
INFO:iMPACT:579 - '5': Completed downloading bit file to device.
INFO:iMPACT:188 - '5': Programming completed successfully.
 Match_cycle = NoWait.
Match cycle: NoWait
 LCK_cycle = NoWait.
LCK cycle: NoWait
INFO:iMPACT - '5': Checking done pin....done.
'5': Programmed successfully.
PROGRESS_END - End Operation.
Elapsed time =      8 sec.
INFO:iMPACT - Current time: 10/12/13 2:16 PM
 Cable is LOCKED. Retrying...
// *** BATCH CMD : Program -p 5 
Maximum TCK operating frequency for this device chain: 10000000.
Validating chain...
Boundary-scan chain validated successfully.
5: Device Temperature: Current Reading:   40.53 C, Min. Reading:   40.53 C, Max.Reading:   45.45 C
5: VCCINT Supply: Current Reading:   1.037 V, Min. Reading:   1.034 V, Max.Reading:   1.052 V
5: VCCAUX Supply: Current Reading:   2.581 V, Min. Reading:   2.578 V, Max.Reading:   2.619 V
PROGRESS_START - Starting Operation.
'5': Programming device...
 Match_cycle = NoWait.
Match cycle: NoWait
 LCK_cycle = NoWait.
LCK cycle: NoWait
done.
INFO:iMPACT:2219 - Status register values:
INFO:iMPACT - 0011 1111 0111 1110 0000 1011 1100 0000 
INFO:iMPACT:579 - '5': Completed downloading bit file to device.
INFO:iMPACT:188 - '5': Programming completed successfully.
 Match_cycle = NoWait.
Match cycle: NoWait
 LCK_cycle = NoWait.
LCK cycle: NoWait
INFO:iMPACT - '5': Checking done pin....done.
'5': Programmed successfully.
PROGRESS_END - End Operation.
Elapsed time =      8 sec.
INFO:iMPACT - Current time: 10/12/13 2:17 PM
// *** BATCH CMD : Program -p 5 
Maximum TCK operating frequency for this device chain: 10000000.
Validating chain...
Boundary-scan chain validated successfully.
5: Device Temperature: Current Reading:   41.02 C, Min. Reading:   40.04 C, Max.Reading:   42.01 C
5: VCCINT Supply: Current Reading:   1.037 V, Min. Reading:   1.034 V, Max.Reading:   1.043 V
5: VCCAUX Supply: Current Reading:   2.584 V, Min. Reading:   2.578 V, Max.Reading:   2.593 V
PROGRESS_START - Starting Operation.
'5': Programming device...
 Match_cycle = NoWait.
Match cycle: NoWait
 LCK_cycle = NoWait.
LCK cycle: NoWait
done.
INFO:iMPACT:2219 - Status register values:
INFO:iMPACT - 0011 1111 0111 1110 0000 1011 1100 0000 
INFO:iMPACT:579 - '5': Completed downloading bit file to device.
INFO:iMPACT:188 - '5': Programming completed successfully.
 Match_cycle = NoWait.
Match cycle: NoWait
 LCK_cycle = NoWait.
LCK cycle: NoWait
INFO:iMPACT - '5': Checking done pin....done.
'5': Programmed successfully.
PROGRESS_END - End Operation.
Elapsed time =      8 sec.
INFO:iMPACT - Current time: 10/12/13 2:17 PM
// *** BATCH CMD : Program -p 5 
Maximum TCK operating frequency for this device chain: 10000000.
Validating chain...
Boundary-scan chain validated successfully.
5: Device Temperature: Current Reading:   50.38 C, Min. Reading:   41.52 C, Max.Reading:   60.71 C
5: VCCINT Supply: Current Reading:   1.066 V, Min. Reading:   1.040 V, Max.Reading:   1.104 V
5: VCCAUX Supply: Current Reading:   2.657 V, Min. Reading:   2.587 V, Max.Reading:   2.751 V
PROGRESS_START - Starting Operation.
'5': Programming device...
 Match_cycle = NoWait.
Match cycle: NoWait
 LCK_cycle = NoWait.
LCK cycle: NoWait
done.
INFO:iMPACT:2219 - Status register values:
INFO:iMPACT - 0011 1111 0111 1110 0000 1011 1100 0000 
INFO:iMPACT:579 - '5': Completed downloading bit file to device.
INFO:iMPACT:188 - '5': Programming completed successfully.
 Match_cycle = NoWait.
Match cycle: NoWait
 LCK_cycle = NoWait.
LCK cycle: NoWait
INFO:iMPACT - '5': Checking done pin....done.
'5': Programmed successfully.
PROGRESS_END - End Operation.
Elapsed time =      9 sec.
INFO:iMPACT - Current time: 10/12/13 2:18 PM
// *** BATCH CMD : Program -p 5 
Maximum TCK operating frequency for this device chain: 10000000.
Validating chain...
Boundary-scan chain validated successfully.
5: Device Temperature: Current Reading:   42.01 C, Min. Reading:   41.02 C, Max.Reading:   59.73 C
5: VCCINT Supply: Current Reading:   1.040 V, Min. Reading:   1.037 V, Max.Reading:   1.099 V
5: VCCAUX Supply: Current Reading:   2.590 V, Min. Reading:   2.584 V, Max.Reading:   2.739 V
PROGRESS_START - Starting Operation.
'5': Programming device...
 Match_cycle = NoWait.
Match cycle: NoWait
 LCK_cycle = NoWait.
LCK cycle: NoWait
done.
INFO:iMPACT:2219 - Status register values:
INFO:iMPACT - 0011 1111 0111 1110 0000 1011 1100 0000 
INFO:iMPACT:579 - '5': Completed downloading bit file to device.
INFO:iMPACT:188 - '5': Programming completed successfully.
 Match_cycle = NoWait.
Match cycle: NoWait
 LCK_cycle = NoWait.
LCK cycle: NoWait
INFO:iMPACT - '5': Checking done pin....done.
'5': Programmed successfully.
PROGRESS_END - End Operation.
Elapsed time =      9 sec.
INFO:iMPACT - Current time: 10/12/13 2:29 PM
Updating config file /Gameboy/cartridge_controller/Dump/cartridge.bit...
INFO:iMPACT:2257 - Startup Clock has been changed to 'JtagClk' in the bitstream   stored in memory,
   but the original bitstream file remains unchanged.
// *** BATCH CMD : Program -p 5 
Maximum TCK operating frequency for this device chain: 10000000.
Validating chain...
Boundary-scan chain validated successfully.
5: Device Temperature: Current Reading:   40.53 C, Min. Reading:   39.55 C, Max.Reading:   62.19 C
5: VCCINT Supply: Current Reading:   1.034 V, Min. Reading:   1.031 V, Max.Reading:   1.107 V
5: VCCAUX Supply: Current Reading:   2.578 V, Min. Reading:   2.569 V, Max.Reading:   2.757 V
PROGRESS_START - Starting Operation.
'5': Programming device...
 Match_cycle = NoWait.
Match cycle: NoWait
 LCK_cycle = NoWait.
LCK cycle: NoWait
done.
INFO:iMPACT:2219 - Status register values:
INFO:iMPACT - 0011 1111 0111 1110 0000 1011 1100 0000 
INFO:iMPACT:579 - '5': Completed downloading bit file to device.
INFO:iMPACT:188 - '5': Programming completed successfully.
 Match_cycle = NoWait.
Match cycle: NoWait
 LCK_cycle = NoWait.
LCK cycle: NoWait
INFO:iMPACT - '5': Checking done pin....done.
'5': Programmed successfully.
PROGRESS_END - End Operation.
Elapsed time =      8 sec.
