Release 14.3 - ngc2edif P.40xd (lin64)
Copyright (c) 1995-2012 Xilinx, Inc.  All rights reserved.
Reading design cartridge.ngc ...
WARNING:NetListWriters:298 - No output is written to cartridge.xncf, ignored.
Processing design ...
   Preping design's networks ...
   Preping design's macros ...
  finished :Prep
Writing EDIF netlist file cartridge.edif ...
ngc2edif: Total memory usage is 103308 kilobytes

Release 14.3 - ngc2edif P.40xd (lin64)
Copyright (c) 1995-2012 Xilinx, Inc.  All rights reserved.
Reading design cartridge.ngc ...
WARNING:NetListWriters:298 - No output is written to cartridge.xncf, ignored.
Processing design ...
   Preping design's networks ...
   Preping design's macros ...
  finished :Prep
Writing EDIF netlist file cartridge.edif ...
ngc2edif: Total memory usage is 102908 kilobytes

