Release 14.3 Map P.40xd (lin64)
Xilinx Mapping Report File for Design 'audio_top'

Design Information
------------------
Command Line   : map -w -p xc5vlx110t-ff1136-1 -cm area -mt 2 -c 100 -t 1 -o
AC97_map.ncd AC97.ngd AC97.pcf 
Target Device  : xc5vlx110t
Target Package : ff1136
Target Speed   : -1
Mapper Version : virtex5 -- $Revision: 1.55 $
Mapped Date    : Wed Oct 23 13:46:41 2013

Design Summary
--------------
Number of errors:      0
Number of warnings:    0
Slice Logic Utilization:
  Number of Slice Registers:                   136 out of  69,120    1%
    Number used as Flip Flops:                 136
  Number of Slice LUTs:                        156 out of  69,120    1%
    Number used as logic:                      153 out of  69,120    1%
      Number using O6 output only:              86
      Number using O5 output only:              28
      Number using O5 and O6:                   39
    Number used as exclusive route-thru:         3
  Number of route-thrus:                        31
    Number using O6 output only:                31

Slice Logic Distribution:
  Number of occupied Slices:                    76 out of  17,280    1%
  Number of LUT Flip Flop pairs used:          212
    Number with an unused Flip Flop:            76 out of     212   35%
    Number with an unused LUT:                  56 out of     212   26%
    Number of fully used LUT-FF pairs:          80 out of     212   37%
    Number of unique control sets:              14
    Number of slice register sites lost
      to control set restrictions:              20 out of  69,120    1%

  A LUT Flip Flop pair for this architecture represents one LUT paired with
  one Flip Flop within a slice.  A control set is a unique combination of
  clock, reset, set, and enable signals for a registered element.
  The Slice Logic Distribution report is not meaningful if the design is
  over-mapped for a non-slice resource or if Placement fails.
  OVERMAPPING of BRAM resources should be ignored if the design is
  over-mapped for a non-BRAM resource or if placement fails.

IO Utilization:
  Number of bonded IOBs:                        61 out of     640    9%
    Number of LOCed IOBs:                       60 out of      61   98%

Specific Feature Utilization:
  Number of BUFG/BUFGCTRLs:                      1 out of      32    3%
    Number used as BUFGs:                        1

Average Fanout of Non-Clock Nets:                3.46

Peak Memory Usage:  1120 MB
Total REAL time to MAP completion:  16 secs 
Total CPU time to MAP completion (all processors):   16 secs 

Table of Contents
-----------------
Section 1 - Errors
Section 2 - Warnings
Section 3 - Informational
Section 4 - Removed Logic Summary
Section 5 - Removed Logic
Section 6 - IOB Properties
Section 7 - RPMs
Section 8 - Guide Report
Section 9 - Area Group and Partition Summary
Section 10 - Timing Report
Section 11 - Configuration String Information
Section 12 - Control Set Information
Section 13 - Utilization by Hierarchy

Section 1 - Errors
------------------

Section 2 - Warnings
--------------------

Section 3 - Informational
-------------------------
INFO:Map:284 - Map is running with the multi-threading option on. Map currently
   supports the use of up to 2 processors. Based on the the user options and
   machine load, Map will use 2 processors during this run.
INFO:LIT:243 - Logical network ac97_sdata_in_IBUF has no load.
INFO:MapLib:562 - No environment variables are currently set.
INFO:LIT:244 - All of the single ended outputs in this design are using slew
   rate limited output drivers. The delay on speed critical single ended outputs
   can be dramatically reduced by designating them as fast outputs.
INFO:Pack:1716 - Initializing temperature to 85.000 Celsius. (default - Range:
   0.000 to 85.000 Celsius)
INFO:Pack:1720 - Initializing voltage to 0.950 Volts. (default - Range: 0.950 to
   1.050 Volts)
INFO:Map:215 - The Interim Design Summary has been generated in the MAP Report
   (.mrp).
INFO:Place:834 - Only a subset of IOs are locked. Out of 61 IOs, 60 are locked
   and 1 are not locked. If you would like to print the names of these IOs,
   please set the environment variable XIL_PAR_DESIGN_CHECK_VERBOSE to 1. 
INFO:Pack:1650 - Map created a placed design.

Section 4 - Removed Logic Summary
---------------------------------
   9 block(s) optimized away

Section 5 - Removed Logic
-------------------------

Optimized Block(s):
TYPE 		BLOCK
GND 		XST_GND
VCC 		XST_VCC
LUT4 		wp/Mcompar_len_counter_cmp_le0000_lutdi1
   optimized to 0
LUT4 		wp/Mcompar_len_counter_cmp_le0000_lutdi2
   optimized to 0
LUT4 		wp/Mcompar_len_counter_cmp_le0000_lutdi3
   optimized to 0
LUT4 		wp/Mcompar_level_cmp_gt0000_lutdi
   optimized to 0
LUT4 		wp/Mcompar_level_cmp_gt0000_lutdi1
   optimized to 0
LUT4 		wp/Mcompar_level_cmp_gt0000_lutdi2
   optimized to 0
LUT4 		wp/Mcompar_level_cmp_gt0000_lutdi3
   optimized to 0

To enable printing of redundant blocks removed and signals merged, set the
detailed map report option and rerun map.

Section 6 - IOB Properties
--------------------------

+---------------------------------------------------------------------------------------------------------------------------------------------------------+
| IOB Name                           | Type             | Direction | IO Standard          | Diff  | Drive    | Slew | Reg (s)      | Resistor | IOB      |
|                                    |                  |           |                      | Term  | Strength | Rate |              |          | Delay    |
+---------------------------------------------------------------------------------------------------------------------------------------------------------+
| ac97_bitclk                        | IOB              | INPUT     | LVCMOS25             |       |          |      |              |          |          |
| ac97_reset_b                       | IOB              | OUTPUT    | LVCMOS25             |       | 12       | SLOW |              |          |          |
| ac97_sdata_in                      | IOB              | INPUT     | LVCMOS25             |       |          |      |              |          |          |
| ac97_sdata_out                     | IOB              | OUTPUT    | LVCMOS25             |       | 12       | SLOW |              |          |          |
| ac97_sync                          | IOB              | OUTPUT    | LVCMOS25             |       | 12       | SLOW |              |          |          |
| ch3_out<0>                         | IOB              | OUTPUT    | LVCMOS25             |       | 12       | SLOW |              |          |          |
| ch3_out<1>                         | IOB              | OUTPUT    | LVCMOS25             |       | 12       | SLOW |              |          |          |
| ch3_out<2>                         | IOB              | OUTPUT    | LVCMOS25             |       | 12       | SLOW |              |          |          |
| ch3_out<3>                         | IOB              | OUTPUT    | LVCMOS25             |       | 12       | SLOW |              |          |          |
| ch3_reset_test                     | IOB              | INPUT     | LVCMOS25             |       |          |      |              |          |          |
| flash_a<0>                         | IOB              | OUTPUT    | LVCMOS25             |       | 12       | SLOW |              |          |          |
| flash_a<1>                         | IOB              | OUTPUT    | LVCMOS25             |       | 12       | SLOW |              |          |          |
| flash_a<2>                         | IOB              | OUTPUT    | LVCMOS25             |       | 12       | SLOW |              |          |          |
| flash_a<3>                         | IOB              | OUTPUT    | LVCMOS25             |       | 12       | SLOW |              |          |          |
| flash_a<4>                         | IOB              | OUTPUT    | LVCMOS25             |       | 12       | SLOW |              |          |          |
| flash_a<5>                         | IOB              | OUTPUT    | LVCMOS25             |       | 12       | SLOW |              |          |          |
| flash_a<6>                         | IOB              | OUTPUT    | LVCMOS25             |       | 12       | SLOW |              |          |          |
| flash_a<7>                         | IOB              | OUTPUT    | LVCMOS25             |       | 12       | SLOW |              |          |          |
| flash_a<8>                         | IOB              | OUTPUT    | LVCMOS25             |       | 12       | SLOW |              |          |          |
| flash_a<9>                         | IOB              | OUTPUT    | LVCMOS25             |       | 12       | SLOW |              |          |          |
| flash_a<10>                        | IOB              | OUTPUT    | LVCMOS25             |       | 12       | SLOW |              |          |          |
| flash_a<11>                        | IOB              | OUTPUT    | LVCMOS25             |       | 12       | SLOW |              |          |          |
| flash_a<12>                        | IOB              | OUTPUT    | LVCMOS25             |       | 12       | SLOW |              |          |          |
| flash_a<13>                        | IOB              | OUTPUT    | LVCMOS25             |       | 12       | SLOW |              |          |          |
| flash_a<14>                        | IOB              | OUTPUT    | LVCMOS25             |       | 12       | SLOW |              |          |          |
| flash_a<15>                        | IOB              | OUTPUT    | LVCMOS25             |       | 12       | SLOW |              |          |          |
| flash_a<16>                        | IOB              | OUTPUT    | LVCMOS25             |       | 12       | SLOW |              |          |          |
| flash_a<17>                        | IOB              | OUTPUT    | LVCMOS25             |       | 12       | SLOW |              |          |          |
| flash_a<18>                        | IOB              | OUTPUT    | LVCMOS25             |       | 12       | SLOW |              |          |          |
| flash_a<19>                        | IOB              | OUTPUT    | LVCMOS25             |       | 12       | SLOW |              |          |          |
| flash_a<20>                        | IOB              | OUTPUT    | LVCMOS25             |       | 12       | SLOW |              |          |          |
| flash_a<21>                        | IOB              | OUTPUT    | LVCMOS25             |       | 12       | SLOW |              |          |          |
| flash_a<22>                        | IOB              | OUTPUT    | LVCMOS25             |       | 12       | SLOW |              |          |          |
| flash_a<23>                        | IOB              | OUTPUT    | LVCMOS25             |       | 12       | SLOW |              |          |          |
| flash_adv_n                        | IOB              | OUTPUT    | LVCMOS25             |       | 12       | SLOW |              |          |          |
| flash_ce_n                         | IOB              | OUTPUT    | LVCMOS25             |       | 12       | SLOW |              |          |          |
| flash_clk                          | IOB              | OUTPUT    | LVCMOS25             |       | 12       | SLOW |              |          |          |
| flash_d<0>                         | IOB              | INPUT     | LVCMOS25             |       |          |      |              |          |          |
| flash_d<1>                         | IOB              | INPUT     | LVCMOS25             |       |          |      |              |          |          |
| flash_d<2>                         | IOB              | INPUT     | LVCMOS25             |       |          |      |              |          |          |
| flash_d<3>                         | IOB              | INPUT     | LVCMOS25             |       |          |      |              |          |          |
| flash_d<4>                         | IOB              | INPUT     | LVCMOS25             |       |          |      |              |          |          |
| flash_d<5>                         | IOB              | INPUT     | LVCMOS25             |       |          |      |              |          |          |
| flash_d<6>                         | IOB              | INPUT     | LVCMOS25             |       |          |      |              |          |          |
| flash_d<7>                         | IOB              | INPUT     | LVCMOS25             |       |          |      |              |          |          |
| flash_d<8>                         | IOB              | INPUT     | LVCMOS25             |       |          |      |              |          |          |
| flash_d<9>                         | IOB              | INPUT     | LVCMOS25             |       |          |      |              |          |          |
| flash_d<10>                        | IOB              | INPUT     | LVCMOS25             |       |          |      |              |          |          |
| flash_d<11>                        | IOB              | INPUT     | LVCMOS25             |       |          |      |              |          |          |
| flash_d<12>                        | IOB              | INPUT     | LVCMOS25             |       |          |      |              |          |          |
| flash_d<13>                        | IOB              | INPUT     | LVCMOS25             |       |          |      |              |          |          |
| flash_d<14>                        | IOB              | INPUT     | LVCMOS25             |       |          |      |              |          |          |
| flash_d<15>                        | IOB              | INPUT     | LVCMOS25             |       |          |      |              |          |          |
| flash_oe_n                         | IOB              | OUTPUT    | LVCMOS25             |       | 12       | SLOW |              |          |          |
| flash_wait                         | IOB              | INPUT     | LVCMOS25             |       |          |      |              |          |          |
| flash_we_n                         | IOB              | OUTPUT    | LVCMOS25             |       | 12       | SLOW |              |          |          |
| rotary_inc_a                       | IOB              | INPUT     | LVCMOS18             |       |          |      |              |          |          |
| rotary_inc_b                       | IOB              | INPUT     | LVCMOS18             |       |          |      |              |          |          |
| sample_no                          | IOB              | INPUT     | LVCMOS25             |       |          |      |              |          |          |
| square_wave_enable                 | IOB              | INPUT     | LVCMOS25             |       |          |      |              |          |          |
| strobe                             | IOB              | OUTPUT    | LVCMOS25             |       | 12       | SLOW |              |          |          |
+---------------------------------------------------------------------------------------------------------------------------------------------------------+

Section 7 - RPMs
----------------

Section 8 - Guide Report
------------------------
Guide not run on this design.

Section 9 - Area Group and Partition Summary
--------------------------------------------

Partition Implementation Status
-------------------------------

  No Partitions were found in this design.

-------------------------------

Area Group Information
----------------------

  No area groups were found in this design.

----------------------

Section 10 - Timing Report
--------------------------
A logic-level (pre-route) timing report can be generated by using Xilinx static
timing analysis tools, Timing Analyzer (GUI) or TRCE (command line), with the
mapped NCD and PCF files. Please note that this timing report will be generated
using estimated delay information. For accurate numbers, please generate a
timing report with the post Place and Route NCD file.

For more information about the Timing Analyzer, consult the Xilinx Timing
Analyzer Reference Manual; for more information about TRCE, consult the Xilinx
Command Line Tools User Guide "TRACE" chapter.

Section 11 - Configuration String Details
-----------------------------------------
Use the "-detail" map option to print out Configuration Strings

Section 12 - Control Set Information
------------------------------------
Use the "-detail" map option to print out Control Set Information.

Section 13 - Utilization by Hierarchy
-------------------------------------
Use the "-detail" map option to print out the Utilization by Hierarchy section.
