Copyright 1986-1999, 2001-2013 Xilinx, Inc. All Rights Reserved.
------------------------------------------------------------------------------------------------------------
| Tool Version : Vivado v.2013.2 (lin64) Build 272601 Sat Jun 15 11:11:11 MDT 2013
| Date         : Fri Sep 20 16:39:36 2013
| Host         : magnum.ece.cmu.edu running 64-bit Red Hat Enterprise Linux Server release 6.4 (Santiago)
| Command      : report_timing_summary -file top_timing_summary_routed.rpt -pb top_timing_summary_routed.pb
| Design       : top
| Device       : 7vx485t-ffg1761
| Speed File   : -2  PRODUCTION 1.09 2013-03-11
------------------------------------------------------------------------------------------------------------

Timing Summary Report

------------------------------------------------------------------------------------------------
| Timer Settings
| --------------
------------------------------------------------------------------------------------------------

  Enable Multi Corner Analysis               :  Yes
  Enable Pessimism Removal                   :  Yes
  Pessimism Removal Resolution               :  Nearest Common Node
  Enable Input Delay Default Clock           :  No
  Enable Preset / Clear Arcs                 :  No
  Disable Flight Delays                      :  No

  Corner  Analyze    Analyze    
  Name    Max Paths  Min Paths  
  ------  ---------  ---------  
  Slow    Yes        Yes        
  Fast    Yes        Yes        


------------------------------------------------------------------------------------------------
| Check Timing
| ------------
------------------------------------------------------------------------------------------------


Checking 'no_clock'.
 There are 0 register/latch pins with constant_clock.
 There are 9 register/latch pins with no clock driven by: clock_BUFG_inst/O and possible clock pin by: SYSCLK_N SYSCLK_P 

Checking 'unconstrained_internal_endpoints'.
 There are 9 pins that are not constrained for maximum delay.
 There are 0 pins that are not constrained for maximum delay due to constant clock.

Checking 'no_input_delay'.
 There are 3 input ports with no input delay specified.

Checking 'no_output_delay'.
 There are 8 ports with no output delay specified.

Checking 'multiple_clock'.
 There are 0 register/latch pins with related clocks.
 There are 0 register/latch pins with exclusive clocks.

Checking 'generated_clocks'.
 There are 0 generated clocks that are not connected to a clock source.

Checking 'loops'.
 There are 0 combinational loops in the design.

Checking 'partial_input_delay'.
 There are 0 input ports with partial input delay specified.

Checking 'partial_output_delay'.
 There are 0 ports with partial output delay specified.

Checking 'unexpandable_clocks'.
 There are 0 related clock pairs.
 There are 0 User Ignored clock pairs.

Checking 'latch_loops'.
 There are 0 combinational latch loops in the design through latch input

------------------------------------------------------------------------------------------------
| Design Timing Summary
| ---------------------
------------------------------------------------------------------------------------------------

    WNS(ns)      TNS(ns)  TNS Failing Endpoints  TNS Total Endpoints      WHS(ns)      THS(ns)  THS Failing Endpoints  THS Total Endpoints     WPWS(ns)     TPWS(ns)  TPWS Failing Endpoints  TPWS Total Endpoints  
    -------      -------  ---------------------  -------------------      -------      -------  ---------------------  -------------------     --------     --------  ----------------------  --------------------  
         NA           NA                     NA                   NA           NA           NA                     NA                   NA           NA           NA                      NA                    NA  


All user specified timing constraints are met.


------------------------------------------------------------------------------------------------
| Clock Summary
| -------------
------------------------------------------------------------------------------------------------


------------------------------------------------------------------------------------------------
| Intra Clock Table
| -----------------
------------------------------------------------------------------------------------------------

Clock             WNS(ns)      TNS(ns)  TNS Failing Endpoints  TNS Total Endpoints      WHS(ns)      THS(ns)  THS Failing Endpoints  THS Total Endpoints     WPWS(ns)     TPWS(ns)  TPWS Failing Endpoints  TPWS Total Endpoints  
-----             -------      -------  ---------------------  -------------------      -------      -------  ---------------------  -------------------     --------     --------  ----------------------  --------------------  


------------------------------------------------------------------------------------------------
| Inter Clock Table
| -----------------
------------------------------------------------------------------------------------------------

From Clock    To Clock          WNS(ns)      TNS(ns)  TNS Failing Endpoints  TNS Total Endpoints      WHS(ns)      THS(ns)  THS Failing Endpoints  THS Total Endpoints  
----------    --------          -------      -------  ---------------------  -------------------      -------      -------  ---------------------  -------------------  


------------------------------------------------------------------------------------------------
| Path Group Table
| ----------------
------------------------------------------------------------------------------------------------

Path Group    From Clock    To Clock          WNS(ns)      TNS(ns)  TNS Failing Endpoints  TNS Total Endpoints      WHS(ns)      THS(ns)  THS Failing Endpoints  THS Total Endpoints  
----------    ----------    --------          -------      -------  ---------------------  -------------------      -------      -------  ---------------------  -------------------  


------------------------------------------------------------------------------------------------
| Timing Details
| --------------
------------------------------------------------------------------------------------------------


