#-----------------------------------------------------------
# PlanAhead v14.3 (64-bit)
# Build 209282 by xbuild on Thu Oct 18 20:46:04 MDT 2012
# Start of session at: Fri Oct 25 17:00:38 2013
# Process ID: 10454
# Log file: /Gameboy/NES/planAhead_run_2/planAhead.log
# Journal file: /Gameboy/NES/planAhead_run_2/planAhead.jou
#-----------------------------------------------------------
INFO: [Common 17-78] Attempting to get a license: PlanAhead
INFO: [Common 17-290] Got license for PlanAhead
INFO: [Device 21-36] Loading parts and site information from /opt/Xilinx/14.3/ISE_DS/PlanAhead/data/parts/arch.xml
Parsing RTL primitives file [/opt/Xilinx/14.3/ISE_DS/PlanAhead/data/parts/xilinx/rtl/prims/rtl_prims.xml]
Finished parsing RTL primitives file [/opt/Xilinx/14.3/ISE_DS/PlanAhead/data/parts/xilinx/rtl/prims/rtl_prims.xml]
start_gui
source /Gameboy/NES/pa.fromNetlist.tcl
# create_project -name NES -dir "/Gameboy/NES/planAhead_run_2" -part xc5vlx110tff1136-1
# set_property design_mode GateLvl [get_property srcset [current_run -impl]]
# set_property edif_top_file "/Gameboy/NES/NES.ngc" [ get_property srcset [ current_run ] ]
# add_files -norecurse { {/Gameboy/NES} }
# set_param project.pinAheadLayout  yes
# set_property target_constrs_file "NES.ucf" [current_fileset -constrset]
Adding file '/Gameboy/NES/NES.ucf' to fileset 'constrs_1'
# add_files [list {NES.ucf}] -fileset [get_property constrset [current_run]]
# link_design
Design is defaulting to srcset: sources_1
Design is defaulting to constrset: constrs_1
Design is defaulting to project part: xc5vlx110tff1136-1
Release 14.3 - ngc2edif P.40xd (lin64)
Copyright (c) 1995-2012 Xilinx, Inc.  All rights reserved.

Release 14.3 - ngc2edif P.40xd (lin64)
Copyright (c) 1995-2012 Xilinx, Inc.  All rights reserved.
Reading design NES.ngc ...
WARNING:NetListWriters:298 - No output is written to NES.xncf, ignored.
Processing design ...
   Preping design's networks ...
   Preping design's macros ...
  finished :Prep
Writing EDIF netlist file NES.edif ...
ngc2edif: Total memory usage is 103080 kilobytes

Parsing EDIF File [./planAhead_run_2/NES.data/cache/NES_ngc_fe20aa99.edif]
Finished Parsing EDIF File [./planAhead_run_2/NES.data/cache/NES_ngc_fe20aa99.edif]
INFO: [Designutils 20-910] Reading macro library /opt/Xilinx/14.3/ISE_DS/PlanAhead/data/./parts/xilinx/virtex5/virtex5lx/hd_int_macros.edn
Parsing EDIF File [/opt/Xilinx/14.3/ISE_DS/PlanAhead/data/./parts/xilinx/virtex5/virtex5lx/hd_int_macros.edn]
Finished Parsing EDIF File [/opt/Xilinx/14.3/ISE_DS/PlanAhead/data/./parts/xilinx/virtex5/virtex5lx/hd_int_macros.edn]
INFO: [Device 21-21] Reading bus macro file /opt/Xilinx/14.3/ISE_DS/PlanAhead/data/./parts/xilinx/virtex5/pr_bus_macros.xml
Loading clock regions from /opt/Xilinx/14.3/ISE_DS/PlanAhead/data/parts/xilinx/virtex5/virtex5lxt/xc5vlx110t/ClockRegion.xml
Loading clock buffers from /opt/Xilinx/14.3/ISE_DS/PlanAhead/data/parts/xilinx/virtex5/virtex5lxt/xc5vlx110t/ClockBuffers.xml
Loading package from /opt/Xilinx/14.3/ISE_DS/PlanAhead/data/parts/xilinx/virtex5/virtex5lxt/xc5vlx110t/ff1136/Package.xml
Loading io standards from /opt/Xilinx/14.3/ISE_DS/PlanAhead/data/./parts/xilinx/virtex5/IOStandards.xml
INFO: [Device 21-19] Loading pkg sso from /opt/Xilinx/14.3/ISE_DS/PlanAhead/data/parts/xilinx/virtex5/virtex5lxt/xc5vlx110t/ff1136/SSORules.xml
Loading list of drcs for the architecture : /opt/Xilinx/14.3/ISE_DS/PlanAhead/data/./parts/xilinx/virtex5/drc.xml
Parsing UCF File [/Gameboy/NES/NES.ucf]
Finished Parsing UCF File [/Gameboy/NES/NES.ucf]
INFO: [Project 1-111] Unisim Transformation Summary:
  A total of 1 instances were transformed.
  BUFGP => BUFGP (IBUFG, BUFG): 1 instances

Phase 0 | Netlist Checksum: c8f944a6
link_design: Time (s): cpu = 00:00:20 ; elapsed = 00:00:14 . Memory (MB): peak = 2968.762 ; gain = 295.820
startgroup
set_property package_pin AF18 [get_ports clk_in]
endgroup
startgroup
set_property package_pin H18 [get_ports ctrl_a]
endgroup
startgroup
set_property package_pin L18 [get_ports ctrl_b]
endgroup
startgroup
set_property package_pin G15 [get_ports ctrl_dn]
endgroup
startgroup
set_property package_pin AD26 [get_ports ctrl_l]
endgroup
startgroup
set_property package_pin G16 [get_ports ctrl_r]
endgroup
set_property package_pin "" [get_ports [list  ctrl_sel]]
set_property package_pin "" [get_ports [list  ctrl_dn]]
startgroup
set_property package_pin G15 [get_ports ctrl_sel]
endgroup
set_property package_pin "" [get_ports [list  ctrl_l]]
startgroup
set_property package_pin AD26 [get_ports ctrl_start]
endgroup
set_property package_pin "" [get_ports [list  ctrl_l]]
set_property package_pin "" [get_ports [list  ctrl_r]]
startgroup
set_property package_pin G16 [get_ports ctrl_up]
endgroup
startgroup
set_property package_pin AD25 [get_ports ctrl_dn]
endgroup
startgroup
set_property package_pin AD24 [get_ports ctrl_l]
endgroup
startgroup
set_property package_pin AE24 [get_ports ctrl_r]
endgroup
startgroup
set_property package_pin K34 [get_ports data]
endgroup
startgroup
set_property package_pin L34 [get_ports strobe]
endgroup
startgroup
set_property package_pin K32 [get_ports clk_out]
endgroup
save_design
exit
INFO: [Common 17-206] Exiting PlanAhead at Fri Oct 25 17:05:20 2013...
INFO: [Common 17-83] Releasing license: PlanAhead
