Build started 10/10/2013 10:59:02 PM.
     1>Project "C:\Users\Joseph\documents\visual studio 2010\Projects\dmg_emu\dmg_emu\dmg_emu.vcxproj" on node 2 (build target(s)).
     1>InitializeBuildStatus:
         Creating "Release\dmg_emu.unsuccessfulbuild" because "AlwaysCreate" was specified.
       ClCompile:
         c:\Program Files (x86)\Microsoft Visual Studio 10.0\VC\bin\CL.exe /c /Zi /nologo /W3 /WX- /O2 /Oi /Oy- /GL /D WIN32 /D NDEBUG /D _CONSOLE /D _UNICODE /D UNICODE /Gm- /EHsc /MD /GS /Gy /fp:precise /Zc:wchar_t /Zc:forScope /Fo"Release\\" /Fd"Release\vc100.pdb" /Gd /TP /analyze- /errorReport:prompt main.cpp
         main.cpp
       Link:
         c:\Program Files (x86)\Microsoft Visual Studio 10.0\VC\bin\link.exe /ERRORREPORT:PROMPT /OUT:"C:\Users\Joseph\documents\visual studio 2010\Projects\dmg_emu\Release\dmg_emu.exe" /INCREMENTAL:NO /NOLOGO kernel32.lib user32.lib gdi32.lib winspool.lib comdlg32.lib advapi32.lib shell32.lib ole32.lib oleaut32.lib uuid.lib odbc32.lib odbccp32.lib /MANIFEST /ManifestFile:"Release\dmg_emu.exe.intermediate.manifest" /MANIFESTUAC:"level='asInvoker' uiAccess='false'" /DEBUG /PDB:"C:\Users\Joseph\documents\visual studio 2010\Projects\dmg_emu\Release\dmg_emu.pdb" /SUBSYSTEM:CONSOLE /OPT:REF /OPT:ICF /LTCG /TLBID:1 /DYNAMICBASE /NXCOMPAT /IMPLIB:"C:\Users\Joseph\documents\visual studio 2010\Projects\dmg_emu\Release\dmg_emu.lib" /MACHINE:X86 Release\Cartridge.obj
         Release\CPU.obj
         Release\GBException.obj
         Release\Instructions.obj
         Release\main.obj
         Release\MBC.obj
         Release\Memory.obj
         Release\Pad.obj
         Release\Registers.obj
         Release\Sound.obj
         Release\Video.obj
         Generating code
         Finished generating code
         dmg_emu.vcxproj -> C:\Users\Joseph\documents\visual studio 2010\Projects\dmg_emu\Release\dmg_emu.exe
       Manifest:
         C:\Program Files (x86)\Microsoft SDKs\Windows\v7.0A\bin\mt.exe /nologo /verbose /outputresource:"C:\Users\Joseph\documents\visual studio 2010\Projects\dmg_emu\Release\dmg_emu.exe;#1" /manifest Release\dmg_emu.exe.intermediate.manifest
       FinalizeBuildStatus:
         Deleting file "Release\dmg_emu.unsuccessfulbuild".
         Touching "Release\dmg_emu.lastbuildstate".
     1>Done Building Project "C:\Users\Joseph\documents\visual studio 2010\Projects\dmg_emu\dmg_emu\dmg_emu.vcxproj" (build target(s)).

Build succeeded.

Time Elapsed 00:00:04.33
