INFO:sim:172 - Generating IP...
Resolving generics for 'blockram8192'...
Applying external generics to 'blockram8192'...
Delivering associated files for 'blockram8192'...
Delivering EJava files for 'blockram8192'...
Generating implementation netlist for 'blockram8192'...
INFO:sim - Pre-processing HDL files for 'blockram8192'...
Running synthesis for 'blockram8192'
Running ngcbuild...
Writing VEO instantiation template for 'blockram8192'...
Writing Verilog behavioral simulation model for 'blockram8192'...
WARNING:sim - Overwriting existing file
   C:/Users/Joseph/Documents/GitHub/Gameboy/GAMEBOY_TOP_SIMPLE/ipcore_dir/tmp/_c
   g/blockram8192/doc/blk_mem_gen_v7_3_vinfo.html with file from view
   xilinx_documentation
Delivered 1 file into directory
C:/Users/Joseph/Documents/GitHub/Gameboy/GAMEBOY_TOP_SIMPLE/ipcore_dir/tmp/_cg/b
lockram8192
Generating ASY schematic symbol...
INFO:sim:949 - Finished generation of ASY schematic symbol.
Generating SYM schematic symbol for 'blockram8192'...
Generating metadata file...
Generating ISE project file for 'blockram8192'...
Generating ISE project...
XCO file found: blockram8192.xco
XMDF file found: blockram8192_xmdf.tcl
Adding
C:/Users/Joseph/Documents/GitHub/Gameboy/GAMEBOY_TOP_SIMPLE/ipcore_dir/tmp/_cg/b
lockram8192.asy -view all -origin_type imported
Adding
C:/Users/Joseph/Documents/GitHub/Gameboy/GAMEBOY_TOP_SIMPLE/ipcore_dir/tmp/_cg/b
lockram8192.ngc -view all -origin_type created
Checking file
"C:/Users/Joseph/Documents/GitHub/Gameboy/GAMEBOY_TOP_SIMPLE/ipcore_dir/tmp/_cg/
blockram8192.ngc" for project device match ...
File
"C:/Users/Joseph/Documents/GitHub/Gameboy/GAMEBOY_TOP_SIMPLE/ipcore_dir/tmp/_cg/
blockram8192.ngc" device information matches project device.
Adding
C:/Users/Joseph/Documents/GitHub/Gameboy/GAMEBOY_TOP_SIMPLE/ipcore_dir/tmp/_cg/b
lockram8192.sym -view all -origin_type imported
Adding
C:/Users/Joseph/Documents/GitHub/Gameboy/GAMEBOY_TOP_SIMPLE/ipcore_dir/tmp/_cg/b
lockram8192.v -view all -origin_type created
INFO:HDLCompiler:1845 - Analyzing Verilog file
   "C:/Users/Joseph/Documents/GitHub/Gameboy/GAMEBOY_TOP_SIMPLE/ipcore_dir/tmp/_
   cg/blockram8192.v" into library work
INFO:ProjectMgmt - Parsing design hierarchy completed successfully.
Adding
C:/Users/Joseph/Documents/GitHub/Gameboy/GAMEBOY_TOP_SIMPLE/ipcore_dir/tmp/_cg/b
lockram8192.veo -view all -origin_type imported
INFO:TclTasksC:2116 - The automatic calculation of top has been turned-off.
   Please set the new top explicitly by running the "project set top" command.
   To re-calculate the new top automatically, set the "Auto Implementation Top"
   property to true.
Top level has been set to "/blockram8192"
Generating README file...
Generating FLIST file...
INFO:sim:948 - Finished FLIST file generation.
Launching README viewer...
Moving files to output directory...
Finished moving files to output directory
Wrote CGP file for project 'blockram8192'.
