INFO:sim:172 - Generating IP...
Resolving generics for 'blockram'...
Applying external generics to 'blockram'...
Delivering associated files for 'blockram'...
Delivering EJava files for 'blockram'...
Generating implementation netlist for 'blockram'...
INFO:sim - Pre-processing HDL files for 'blockram'...
Running synthesis for 'blockram'
Running ngcbuild...
Writing VEO instantiation template for 'blockram'...
Writing Verilog behavioral simulation model for 'blockram'...
WARNING:sim - Overwriting existing file
   C:/Users/Joseph/Documents/GitHub/Gameboy/cpu/cpusynth/ipcore_dir/tmp/_cg/bloc
   kram/doc/blk_mem_gen_v7_3_vinfo.html with file from view xilinx_documentation
Delivered 1 file into directory
C:/Users/Joseph/Documents/GitHub/Gameboy/cpu/cpusynth/ipcore_dir/tmp/_cg/blockra
m
Generating ASY schematic symbol...
INFO:sim:949 - Finished generation of ASY schematic symbol.
Generating SYM schematic symbol for 'blockram'...
Generating metadata file...
Generating ISE project file for 'blockram'...
Generating ISE project...
XCO file found: blockram.xco
XMDF file found: blockram_xmdf.tcl
Adding
C:/Users/Joseph/Documents/GitHub/Gameboy/cpu/cpusynth/ipcore_dir/tmp/_cg/blockra
m.asy -view all -origin_type imported
Adding
C:/Users/Joseph/Documents/GitHub/Gameboy/cpu/cpusynth/ipcore_dir/tmp/_cg/blockra
m.ngc -view all -origin_type created
Checking file
"C:/Users/Joseph/Documents/GitHub/Gameboy/cpu/cpusynth/ipcore_dir/tmp/_cg/blockr
am.ngc" for project device match ...
File
"C:/Users/Joseph/Documents/GitHub/Gameboy/cpu/cpusynth/ipcore_dir/tmp/_cg/blockr
am.ngc" device information matches project device.
Adding
C:/Users/Joseph/Documents/GitHub/Gameboy/cpu/cpusynth/ipcore_dir/tmp/_cg/blockra
m.sym -view all -origin_type imported
Adding
C:/Users/Joseph/Documents/GitHub/Gameboy/cpu/cpusynth/ipcore_dir/tmp/_cg/blockra
m.v -view all -origin_type created
INFO:HDLCompiler:1845 - Analyzing Verilog file
   "C:/Users/Joseph/Documents/GitHub/Gameboy/cpu/cpusynth/ipcore_dir/tmp/_cg/blo
   ckram.v" into library work
INFO:ProjectMgmt - Parsing design hierarchy completed successfully.
Adding
C:/Users/Joseph/Documents/GitHub/Gameboy/cpu/cpusynth/ipcore_dir/tmp/_cg/blockra
m.veo -view all -origin_type imported
INFO:TclTasksC:2116 - The automatic calculation of top has been turned-off.
   Please set the new top explicitly by running the "project set top" command.
   To re-calculate the new top automatically, set the "Auto Implementation Top"
   property to true.
Top level has been set to "/blockram"
Generating README file...
Generating FLIST file...
INFO:sim:948 - Finished FLIST file generation.
Launching README viewer...
Moving files to output directory...
Finished moving files to output directory
Wrote CGP file for project 'blockram'.
