--------------------------------------------------------------------------------
Release 14.3 Trace  (lin64)
Copyright (c) 1995-2012 Xilinx, Inc.  All rights reserved.

/opt/Xilinx/14.3/ISE_DS/ISE/bin/lin64/unwrapped/trce -intstyle ise -v 3 -s 2 -n
3 -fastpaths -xml lcd_top.twx lcd_top.ncd -o lcd_top.twr lcd_top.pcf -ucf
lcd_top.ucf

Design file:              lcd_top.ncd
Physical constraint file: lcd_top.pcf
Device,package,speed:     xc5vlx110t,ff1136,-2 (PRODUCTION 1.73 2012-10-12, STEPPING level 0)
Report level:             verbose report

Environment Variable      Effect 
--------------------      ------ 
NONE                      No environment variables were set
--------------------------------------------------------------------------------

INFO:Timing:3412 - To improve timing, see the Timing Closure User Guide (UG612).
INFO:Timing:2752 - To get complete path coverage, use the unconstrained paths 
   option. All paths that are not constrained will be reported in the 
   unconstrained paths section(s) of the report.
INFO:Timing:3339 - The clock-to-out numbers in this timing report are based on 
   a 50 Ohm transmission line loading model.  For the details of this model, 
   and for more information on accounting for different loading conditions, 
   please see the device datasheet.
8 logic loops found and disabled.

  ----------------------------------------------------------------------
 ! Warning: The following connections close logic loops, and some paths !
 !          through these connections may not be analyzed. To better    !
 !          understand the logic associated with these loops, run a     !
 !          Analyze Against User-Defined End-Point Analysis inside      !
 !          Timing Analyzer (timingan) with the listed signal as a      !
 !          source NET (*signal_name). The Timing Report will display   !
 !          all the paths associated with this signal and the logic     !
 !          loop will be reported.                                      !
 !                                                                      !
 ! Signal                            Driver            Load             !
 ! --------------------------------  ----------------  ---------------- !
 ! data_ext<0>                       SLICE_X56Y78.A    SLICE_X56Y78.A3  !
 ! data_ext<1>                       SLICE_X56Y78.C    SLICE_X56Y78.C2  !
 ! data_ext<2>                       SLICE_X63Y77.A    SLICE_X63Y77.A3  !
 ! data_ext<3>                       SLICE_X63Y77.C    SLICE_X63Y77.C5  !
 ! data_ext<4>                       SLICE_X63Y84.A    SLICE_X63Y84.A3  !
 ! data_ext<5>                       SLICE_X63Y84.C    SLICE_X63Y84.C1  !
 ! data_ext<6>                       SLICE_X58Y84.A    SLICE_X58Y84.A3  !
 ! data_ext<7>                       SLICE_X58Y84.C    SLICE_X58Y84.C6  !
  ---------------------------------------------------------------------- 


================================================================================
Timing constraint: TS_ac97_bitclk = PERIOD TIMEGRP "ac97_bitclk" 12.288 MHz 
HIGH 50%;
For more information, see Period Analysis in the Timing Closure User Guide (UG612).

 584 paths analyzed, 162 endpoints analyzed, 0 failing endpoints
 0 timing errors detected. (0 setup errors, 0 hold errors, 0 component switching limit errors)
 Minimum period is   2.564ns.
--------------------------------------------------------------------------------

Paths for end point audio/framediv/counter_6 (SLICE_X36Y104.SR), 15 paths
--------------------------------------------------------------------------------
Slack (setup path):     78.816ns (requirement - (data path - clock path skew + uncertainty))
  Source:               audio/framediv/counter_14 (FF)
  Destination:          audio/framediv/counter_6 (FF)
  Requirement:          81.380ns
  Data Path Delay:      2.527ns (Levels of Logic = 2)
  Clock Path Skew:      -0.002ns (0.122 - 0.124)
  Source Clock:         ac97_bitclk_BUFGP rising at 0.000ns
  Destination Clock:    ac97_bitclk_BUFGP rising at 81.380ns
  Clock Uncertainty:    0.035ns

  Clock Uncertainty:          0.035ns  ((TSJ^2 + TIJ^2)^1/2 + DJ) / 2 + PE
    Total System Jitter (TSJ):  0.070ns
    Total Input Jitter (TIJ):   0.000ns
    Discrete Jitter (DJ):       0.000ns
    Phase Error (PE):           0.000ns

  Maximum Data Path: audio/framediv/counter_14 to audio/framediv/counter_6
    Location             Delay type         Delay(ns)  Physical Resource
                                                       Logical Resource(s)
    -------------------------------------------------  -------------------
    SLICE_X36Y106.CQ     Tcko                  0.396   audio/framediv/counter<14>
                                                       audio/framediv/counter_14
    SLICE_X37Y105.A1     net (fanout=2)        0.711   audio/framediv/counter<14>
    SLICE_X37Y105.A      Tilo                  0.086   audio/framediv/clock_out_cmp_eq000025
                                                       audio/framediv/clock_out_cmp_eq000025
    SLICE_X37Y104.A4     net (fanout=1)        0.417   audio/framediv/clock_out_cmp_eq000025
    SLICE_X37Y104.A      Tilo                  0.086   N1917
                                                       audio/framediv/clock_out_cmp_eq000053
    SLICE_X36Y104.SR     net (fanout=5)        0.386   audio/framediv/clock_out_cmp_eq0000
    SLICE_X36Y104.CLK    Tsrck                 0.445   audio/framediv/counter<7>
                                                       audio/framediv/counter_6
    -------------------------------------------------  ---------------------------
    Total                                      2.527ns (1.013ns logic, 1.514ns route)
                                                       (40.1% logic, 59.9% route)

--------------------------------------------------------------------------------
Slack (setup path):     78.890ns (requirement - (data path - clock path skew + uncertainty))
  Source:               audio/framediv/counter_10 (FF)
  Destination:          audio/framediv/counter_6 (FF)
  Requirement:          81.380ns
  Data Path Delay:      2.449ns (Levels of Logic = 2)
  Clock Path Skew:      -0.006ns (0.122 - 0.128)
  Source Clock:         ac97_bitclk_BUFGP rising at 0.000ns
  Destination Clock:    ac97_bitclk_BUFGP rising at 81.380ns
  Clock Uncertainty:    0.035ns

  Clock Uncertainty:          0.035ns  ((TSJ^2 + TIJ^2)^1/2 + DJ) / 2 + PE
    Total System Jitter (TSJ):  0.070ns
    Total Input Jitter (TIJ):   0.000ns
    Discrete Jitter (DJ):       0.000ns
    Phase Error (PE):           0.000ns

  Maximum Data Path: audio/framediv/counter_10 to audio/framediv/counter_6
    Location             Delay type         Delay(ns)  Physical Resource
                                                       Logical Resource(s)
    -------------------------------------------------  -------------------
    SLICE_X36Y105.CQ     Tcko                  0.396   audio/framediv/counter<11>
                                                       audio/framediv/counter_10
    SLICE_X37Y105.A2     net (fanout=2)        0.633   audio/framediv/counter<10>
    SLICE_X37Y105.A      Tilo                  0.086   audio/framediv/clock_out_cmp_eq000025
                                                       audio/framediv/clock_out_cmp_eq000025
    SLICE_X37Y104.A4     net (fanout=1)        0.417   audio/framediv/clock_out_cmp_eq000025
    SLICE_X37Y104.A      Tilo                  0.086   N1917
                                                       audio/framediv/clock_out_cmp_eq000053
    SLICE_X36Y104.SR     net (fanout=5)        0.386   audio/framediv/clock_out_cmp_eq0000
    SLICE_X36Y104.CLK    Tsrck                 0.445   audio/framediv/counter<7>
                                                       audio/framediv/counter_6
    -------------------------------------------------  ---------------------------
    Total                                      2.449ns (1.013ns logic, 1.436ns route)
                                                       (41.4% logic, 58.6% route)

--------------------------------------------------------------------------------
Slack (setup path):     79.021ns (requirement - (data path - clock path skew + uncertainty))
  Source:               audio/framediv/counter_11 (FF)
  Destination:          audio/framediv/counter_6 (FF)
  Requirement:          81.380ns
  Data Path Delay:      2.318ns (Levels of Logic = 2)
  Clock Path Skew:      -0.006ns (0.122 - 0.128)
  Source Clock:         ac97_bitclk_BUFGP rising at 0.000ns
  Destination Clock:    ac97_bitclk_BUFGP rising at 81.380ns
  Clock Uncertainty:    0.035ns

  Clock Uncertainty:          0.035ns  ((TSJ^2 + TIJ^2)^1/2 + DJ) / 2 + PE
    Total System Jitter (TSJ):  0.070ns
    Total Input Jitter (TIJ):   0.000ns
    Discrete Jitter (DJ):       0.000ns
    Phase Error (PE):           0.000ns

  Maximum Data Path: audio/framediv/counter_11 to audio/framediv/counter_6
    Location             Delay type         Delay(ns)  Physical Resource
                                                       Logical Resource(s)
    -------------------------------------------------  -------------------
    SLICE_X36Y105.DQ     Tcko                  0.396   audio/framediv/counter<11>
                                                       audio/framediv/counter_11
    SLICE_X37Y105.A3     net (fanout=2)        0.502   audio/framediv/counter<11>
    SLICE_X37Y105.A      Tilo                  0.086   audio/framediv/clock_out_cmp_eq000025
                                                       audio/framediv/clock_out_cmp_eq000025
    SLICE_X37Y104.A4     net (fanout=1)        0.417   audio/framediv/clock_out_cmp_eq000025
    SLICE_X37Y104.A      Tilo                  0.086   N1917
                                                       audio/framediv/clock_out_cmp_eq000053
    SLICE_X36Y104.SR     net (fanout=5)        0.386   audio/framediv/clock_out_cmp_eq0000
    SLICE_X36Y104.CLK    Tsrck                 0.445   audio/framediv/counter<7>
                                                       audio/framediv/counter_6
    -------------------------------------------------  ---------------------------
    Total                                      2.318ns (1.013ns logic, 1.305ns route)
                                                       (43.7% logic, 56.3% route)

--------------------------------------------------------------------------------

Paths for end point audio/framediv/counter_7 (SLICE_X36Y104.SR), 15 paths
--------------------------------------------------------------------------------
Slack (setup path):     78.817ns (requirement - (data path - clock path skew + uncertainty))
  Source:               audio/framediv/counter_14 (FF)
  Destination:          audio/framediv/counter_7 (FF)
  Requirement:          81.380ns
  Data Path Delay:      2.526ns (Levels of Logic = 2)
  Clock Path Skew:      -0.002ns (0.122 - 0.124)
  Source Clock:         ac97_bitclk_BUFGP rising at 0.000ns
  Destination Clock:    ac97_bitclk_BUFGP rising at 81.380ns
  Clock Uncertainty:    0.035ns

  Clock Uncertainty:          0.035ns  ((TSJ^2 + TIJ^2)^1/2 + DJ) / 2 + PE
    Total System Jitter (TSJ):  0.070ns
    Total Input Jitter (TIJ):   0.000ns
    Discrete Jitter (DJ):       0.000ns
    Phase Error (PE):           0.000ns

  Maximum Data Path: audio/framediv/counter_14 to audio/framediv/counter_7
    Location             Delay type         Delay(ns)  Physical Resource
                                                       Logical Resource(s)
    -------------------------------------------------  -------------------
    SLICE_X36Y106.CQ     Tcko                  0.396   audio/framediv/counter<14>
                                                       audio/framediv/counter_14
    SLICE_X37Y105.A1     net (fanout=2)        0.711   audio/framediv/counter<14>
    SLICE_X37Y105.A      Tilo                  0.086   audio/framediv/clock_out_cmp_eq000025
                                                       audio/framediv/clock_out_cmp_eq000025
    SLICE_X37Y104.A4     net (fanout=1)        0.417   audio/framediv/clock_out_cmp_eq000025
    SLICE_X37Y104.A      Tilo                  0.086   N1917
                                                       audio/framediv/clock_out_cmp_eq000053
    SLICE_X36Y104.SR     net (fanout=5)        0.386   audio/framediv/clock_out_cmp_eq0000
    SLICE_X36Y104.CLK    Tsrck                 0.444   audio/framediv/counter<7>
                                                       audio/framediv/counter_7
    -------------------------------------------------  ---------------------------
    Total                                      2.526ns (1.012ns logic, 1.514ns route)
                                                       (40.1% logic, 59.9% route)

--------------------------------------------------------------------------------
Slack (setup path):     78.891ns (requirement - (data path - clock path skew + uncertainty))
  Source:               audio/framediv/counter_10 (FF)
  Destination:          audio/framediv/counter_7 (FF)
  Requirement:          81.380ns
  Data Path Delay:      2.448ns (Levels of Logic = 2)
  Clock Path Skew:      -0.006ns (0.122 - 0.128)
  Source Clock:         ac97_bitclk_BUFGP rising at 0.000ns
  Destination Clock:    ac97_bitclk_BUFGP rising at 81.380ns
  Clock Uncertainty:    0.035ns

  Clock Uncertainty:          0.035ns  ((TSJ^2 + TIJ^2)^1/2 + DJ) / 2 + PE
    Total System Jitter (TSJ):  0.070ns
    Total Input Jitter (TIJ):   0.000ns
    Discrete Jitter (DJ):       0.000ns
    Phase Error (PE):           0.000ns

  Maximum Data Path: audio/framediv/counter_10 to audio/framediv/counter_7
    Location             Delay type         Delay(ns)  Physical Resource
                                                       Logical Resource(s)
    -------------------------------------------------  -------------------
    SLICE_X36Y105.CQ     Tcko                  0.396   audio/framediv/counter<11>
                                                       audio/framediv/counter_10
    SLICE_X37Y105.A2     net (fanout=2)        0.633   audio/framediv/counter<10>
    SLICE_X37Y105.A      Tilo                  0.086   audio/framediv/clock_out_cmp_eq000025
                                                       audio/framediv/clock_out_cmp_eq000025
    SLICE_X37Y104.A4     net (fanout=1)        0.417   audio/framediv/clock_out_cmp_eq000025
    SLICE_X37Y104.A      Tilo                  0.086   N1917
                                                       audio/framediv/clock_out_cmp_eq000053
    SLICE_X36Y104.SR     net (fanout=5)        0.386   audio/framediv/clock_out_cmp_eq0000
    SLICE_X36Y104.CLK    Tsrck                 0.444   audio/framediv/counter<7>
                                                       audio/framediv/counter_7
    -------------------------------------------------  ---------------------------
    Total                                      2.448ns (1.012ns logic, 1.436ns route)
                                                       (41.3% logic, 58.7% route)

--------------------------------------------------------------------------------
Slack (setup path):     79.022ns (requirement - (data path - clock path skew + uncertainty))
  Source:               audio/framediv/counter_11 (FF)
  Destination:          audio/framediv/counter_7 (FF)
  Requirement:          81.380ns
  Data Path Delay:      2.317ns (Levels of Logic = 2)
  Clock Path Skew:      -0.006ns (0.122 - 0.128)
  Source Clock:         ac97_bitclk_BUFGP rising at 0.000ns
  Destination Clock:    ac97_bitclk_BUFGP rising at 81.380ns
  Clock Uncertainty:    0.035ns

  Clock Uncertainty:          0.035ns  ((TSJ^2 + TIJ^2)^1/2 + DJ) / 2 + PE
    Total System Jitter (TSJ):  0.070ns
    Total Input Jitter (TIJ):   0.000ns
    Discrete Jitter (DJ):       0.000ns
    Phase Error (PE):           0.000ns

  Maximum Data Path: audio/framediv/counter_11 to audio/framediv/counter_7
    Location             Delay type         Delay(ns)  Physical Resource
                                                       Logical Resource(s)
    -------------------------------------------------  -------------------
    SLICE_X36Y105.DQ     Tcko                  0.396   audio/framediv/counter<11>
                                                       audio/framediv/counter_11
    SLICE_X37Y105.A3     net (fanout=2)        0.502   audio/framediv/counter<11>
    SLICE_X37Y105.A      Tilo                  0.086   audio/framediv/clock_out_cmp_eq000025
                                                       audio/framediv/clock_out_cmp_eq000025
    SLICE_X37Y104.A4     net (fanout=1)        0.417   audio/framediv/clock_out_cmp_eq000025
    SLICE_X37Y104.A      Tilo                  0.086   N1917
                                                       audio/framediv/clock_out_cmp_eq000053
    SLICE_X36Y104.SR     net (fanout=5)        0.386   audio/framediv/clock_out_cmp_eq0000
    SLICE_X36Y104.CLK    Tsrck                 0.444   audio/framediv/counter<7>
                                                       audio/framediv/counter_7
    -------------------------------------------------  ---------------------------
    Total                                      2.317ns (1.012ns logic, 1.305ns route)
                                                       (43.7% logic, 56.3% route)

--------------------------------------------------------------------------------

Paths for end point audio/framediv/counter_5 (SLICE_X36Y104.SR), 15 paths
--------------------------------------------------------------------------------
Slack (setup path):     78.818ns (requirement - (data path - clock path skew + uncertainty))
  Source:               audio/framediv/counter_14 (FF)
  Destination:          audio/framediv/counter_5 (FF)
  Requirement:          81.380ns
  Data Path Delay:      2.525ns (Levels of Logic = 2)
  Clock Path Skew:      -0.002ns (0.122 - 0.124)
  Source Clock:         ac97_bitclk_BUFGP rising at 0.000ns
  Destination Clock:    ac97_bitclk_BUFGP rising at 81.380ns
  Clock Uncertainty:    0.035ns

  Clock Uncertainty:          0.035ns  ((TSJ^2 + TIJ^2)^1/2 + DJ) / 2 + PE
    Total System Jitter (TSJ):  0.070ns
    Total Input Jitter (TIJ):   0.000ns
    Discrete Jitter (DJ):       0.000ns
    Phase Error (PE):           0.000ns

  Maximum Data Path: audio/framediv/counter_14 to audio/framediv/counter_5
    Location             Delay type         Delay(ns)  Physical Resource
                                                       Logical Resource(s)
    -------------------------------------------------  -------------------
    SLICE_X36Y106.CQ     Tcko                  0.396   audio/framediv/counter<14>
                                                       audio/framediv/counter_14
    SLICE_X37Y105.A1     net (fanout=2)        0.711   audio/framediv/counter<14>
    SLICE_X37Y105.A      Tilo                  0.086   audio/framediv/clock_out_cmp_eq000025
                                                       audio/framediv/clock_out_cmp_eq000025
    SLICE_X37Y104.A4     net (fanout=1)        0.417   audio/framediv/clock_out_cmp_eq000025
    SLICE_X37Y104.A      Tilo                  0.086   N1917
                                                       audio/framediv/clock_out_cmp_eq000053
    SLICE_X36Y104.SR     net (fanout=5)        0.386   audio/framediv/clock_out_cmp_eq0000
    SLICE_X36Y104.CLK    Tsrck                 0.443   audio/framediv/counter<7>
                                                       audio/framediv/counter_5
    -------------------------------------------------  ---------------------------
    Total                                      2.525ns (1.011ns logic, 1.514ns route)
                                                       (40.0% logic, 60.0% route)

--------------------------------------------------------------------------------
Slack (setup path):     78.892ns (requirement - (data path - clock path skew + uncertainty))
  Source:               audio/framediv/counter_10 (FF)
  Destination:          audio/framediv/counter_5 (FF)
  Requirement:          81.380ns
  Data Path Delay:      2.447ns (Levels of Logic = 2)
  Clock Path Skew:      -0.006ns (0.122 - 0.128)
  Source Clock:         ac97_bitclk_BUFGP rising at 0.000ns
  Destination Clock:    ac97_bitclk_BUFGP rising at 81.380ns
  Clock Uncertainty:    0.035ns

  Clock Uncertainty:          0.035ns  ((TSJ^2 + TIJ^2)^1/2 + DJ) / 2 + PE
    Total System Jitter (TSJ):  0.070ns
    Total Input Jitter (TIJ):   0.000ns
    Discrete Jitter (DJ):       0.000ns
    Phase Error (PE):           0.000ns

  Maximum Data Path: audio/framediv/counter_10 to audio/framediv/counter_5
    Location             Delay type         Delay(ns)  Physical Resource
                                                       Logical Resource(s)
    -------------------------------------------------  -------------------
    SLICE_X36Y105.CQ     Tcko                  0.396   audio/framediv/counter<11>
                                                       audio/framediv/counter_10
    SLICE_X37Y105.A2     net (fanout=2)        0.633   audio/framediv/counter<10>
    SLICE_X37Y105.A      Tilo                  0.086   audio/framediv/clock_out_cmp_eq000025
                                                       audio/framediv/clock_out_cmp_eq000025
    SLICE_X37Y104.A4     net (fanout=1)        0.417   audio/framediv/clock_out_cmp_eq000025
    SLICE_X37Y104.A      Tilo                  0.086   N1917
                                                       audio/framediv/clock_out_cmp_eq000053
    SLICE_X36Y104.SR     net (fanout=5)        0.386   audio/framediv/clock_out_cmp_eq0000
    SLICE_X36Y104.CLK    Tsrck                 0.443   audio/framediv/counter<7>
                                                       audio/framediv/counter_5
    -------------------------------------------------  ---------------------------
    Total                                      2.447ns (1.011ns logic, 1.436ns route)
                                                       (41.3% logic, 58.7% route)

--------------------------------------------------------------------------------
Slack (setup path):     79.023ns (requirement - (data path - clock path skew + uncertainty))
  Source:               audio/framediv/counter_11 (FF)
  Destination:          audio/framediv/counter_5 (FF)
  Requirement:          81.380ns
  Data Path Delay:      2.316ns (Levels of Logic = 2)
  Clock Path Skew:      -0.006ns (0.122 - 0.128)
  Source Clock:         ac97_bitclk_BUFGP rising at 0.000ns
  Destination Clock:    ac97_bitclk_BUFGP rising at 81.380ns
  Clock Uncertainty:    0.035ns

  Clock Uncertainty:          0.035ns  ((TSJ^2 + TIJ^2)^1/2 + DJ) / 2 + PE
    Total System Jitter (TSJ):  0.070ns
    Total Input Jitter (TIJ):   0.000ns
    Discrete Jitter (DJ):       0.000ns
    Phase Error (PE):           0.000ns

  Maximum Data Path: audio/framediv/counter_11 to audio/framediv/counter_5
    Location             Delay type         Delay(ns)  Physical Resource
                                                       Logical Resource(s)
    -------------------------------------------------  -------------------
    SLICE_X36Y105.DQ     Tcko                  0.396   audio/framediv/counter<11>
                                                       audio/framediv/counter_11
    SLICE_X37Y105.A3     net (fanout=2)        0.502   audio/framediv/counter<11>
    SLICE_X37Y105.A      Tilo                  0.086   audio/framediv/clock_out_cmp_eq000025
                                                       audio/framediv/clock_out_cmp_eq000025
    SLICE_X37Y104.A4     net (fanout=1)        0.417   audio/framediv/clock_out_cmp_eq000025
    SLICE_X37Y104.A      Tilo                  0.086   N1917
                                                       audio/framediv/clock_out_cmp_eq000053
    SLICE_X36Y104.SR     net (fanout=5)        0.386   audio/framediv/clock_out_cmp_eq0000
    SLICE_X36Y104.CLK    Tsrck                 0.443   audio/framediv/counter<7>
                                                       audio/framediv/counter_5
    -------------------------------------------------  ---------------------------
    Total                                      2.316ns (1.011ns logic, 1.305ns route)
                                                       (43.7% logic, 56.3% route)

--------------------------------------------------------------------------------

Hold Paths: TS_ac97_bitclk = PERIOD TIMEGRP "ac97_bitclk" 12.288 MHz HIGH 50%;
--------------------------------------------------------------------------------

Paths for end point audio/freq3div/counter_6 (SLICE_X38Y85.CX), 1 path
--------------------------------------------------------------------------------
Slack (hold path):      0.398ns (requirement - (clock path skew + uncertainty - data path))
  Source:               audio/freq3div/counter_6 (FF)
  Destination:          audio/freq3div/counter_6 (FF)
  Requirement:          0.000ns
  Data Path Delay:      0.398ns (Levels of Logic = 1)
  Clock Path Skew:      0.000ns
  Source Clock:         ac97_bitclk_BUFGP rising at 81.380ns
  Destination Clock:    ac97_bitclk_BUFGP rising at 81.380ns
  Clock Uncertainty:    0.000ns

  Minimum Data Path: audio/freq3div/counter_6 to audio/freq3div/counter_6
    Location             Delay type         Delay(ns)  Physical Resource
                                                       Logical Resource(s)
    -------------------------------------------------  -------------------
    SLICE_X38Y85.CQ      Tcko                  0.345   audio/freq3div/counter<6>
                                                       audio/freq3div/counter_6
    SLICE_X38Y85.CX      net (fanout=2)        0.141   audio/freq3div/counter<6>
    SLICE_X38Y85.CLK     Tckdi       (-Th)     0.088   audio/freq3div/counter<6>
                                                       audio/freq3div/Mcount_counter_xor<6>11_f7
                                                       audio/freq3div/counter_6
    -------------------------------------------------  ---------------------------
    Total                                      0.398ns (0.257ns logic, 0.141ns route)
                                                       (64.6% logic, 35.4% route)

--------------------------------------------------------------------------------

Paths for end point audio/freq3div/counter_5 (SLICE_X38Y85.B6), 1 path
--------------------------------------------------------------------------------
Slack (hold path):      0.412ns (requirement - (clock path skew + uncertainty - data path))
  Source:               audio/freq3div/counter_2 (FF)
  Destination:          audio/freq3div/counter_5 (FF)
  Requirement:          0.000ns
  Data Path Delay:      0.476ns (Levels of Logic = 1)
  Clock Path Skew:      0.064ns (0.512 - 0.448)
  Source Clock:         ac97_bitclk_BUFGP rising at 81.380ns
  Destination Clock:    ac97_bitclk_BUFGP rising at 81.380ns
  Clock Uncertainty:    0.000ns

  Minimum Data Path: audio/freq3div/counter_2 to audio/freq3div/counter_5
    Location             Delay type         Delay(ns)  Physical Resource
                                                       Logical Resource(s)
    -------------------------------------------------  -------------------
    SLICE_X40Y85.BQ      Tcko                  0.364   audio/freq3div/counter<3>
                                                       audio/freq3div/counter_2
    SLICE_X38Y85.B6      net (fanout=6)        0.267   audio/freq3div/counter<2>
    SLICE_X38Y85.CLK     Tah         (-Th)     0.155   audio/freq3div/counter<6>
                                                       audio/freq3div/Mcount_counter_xor<5>11
                                                       audio/freq3div/counter_5
    -------------------------------------------------  ---------------------------
    Total                                      0.476ns (0.209ns logic, 0.267ns route)
                                                       (43.9% logic, 56.1% route)

--------------------------------------------------------------------------------

Paths for end point audio/freq12div/counter_5 (SLICE_X45Y86.B6), 1 path
--------------------------------------------------------------------------------
Slack (hold path):      0.447ns (requirement - (clock path skew + uncertainty - data path))
  Source:               audio/freq12div/counter_3 (FF)
  Destination:          audio/freq12div/counter_5 (FF)
  Requirement:          0.000ns
  Data Path Delay:      0.456ns (Levels of Logic = 1)
  Clock Path Skew:      0.009ns (0.122 - 0.113)
  Source Clock:         ac97_bitclk_BUFGP rising at 81.380ns
  Destination Clock:    ac97_bitclk_BUFGP rising at 81.380ns
  Clock Uncertainty:    0.000ns

  Minimum Data Path: audio/freq12div/counter_3 to audio/freq12div/counter_5
    Location             Delay type         Delay(ns)  Physical Resource
                                                       Logical Resource(s)
    -------------------------------------------------  -------------------
    SLICE_X44Y86.DQ      Tcko                  0.364   audio/freq12div/counter<3>
                                                       audio/freq12div/counter_3
    SLICE_X45Y86.B6      net (fanout=3)        0.247   audio/freq12div/counter<3>
    SLICE_X45Y86.CLK     Tah         (-Th)     0.155   audio/freq12div/counter<5>
                                                       audio/freq12div/Mcount_counter_xor<5>11
                                                       audio/freq12div/counter_5
    -------------------------------------------------  ---------------------------
    Total                                      0.456ns (0.209ns logic, 0.247ns route)
                                                       (45.8% logic, 54.2% route)

--------------------------------------------------------------------------------

Component Switching Limit Checks: TS_ac97_bitclk = PERIOD TIMEGRP "ac97_bitclk" 12.288 MHz HIGH 50%;
--------------------------------------------------------------------------------
Slack: 79.882ns (period - min period limit)
  Period: 81.380ns
  Min period limit: 1.498ns (667.557MHz) (Tbgper_I)
  Physical resource: ac97_bitclk_BUFGP/BUFG/I0
  Logical resource: ac97_bitclk_BUFGP/BUFG/I0
  Location pin: BUFGCTRL_X0Y7.I0
  Clock network: ac97_bitclk_BUFGP/IBUFG
--------------------------------------------------------------------------------
Slack: 80.326ns (period - (min low pulse limit / (low pulse / period)))
  Period: 81.380ns
  Low pulse: 40.690ns
  Low pulse limit: 0.527ns (Trpw)
  Physical resource: audio/regs/NR10<3>/SR
  Logical resource: audio/regs/NR10_0/SR
  Location pin: SLICE_X21Y104.SR
  Clock network: GPIO_SW_C_IBUF
--------------------------------------------------------------------------------
Slack: 80.326ns (period - (min high pulse limit / (high pulse / period)))
  Period: 81.380ns
  High pulse: 40.690ns
  High pulse limit: 0.527ns (Trpw)
  Physical resource: audio/regs/NR10<3>/SR
  Logical resource: audio/regs/NR10_0/SR
  Location pin: SLICE_X21Y104.SR
  Clock network: GPIO_SW_C_IBUF
--------------------------------------------------------------------------------


All constraints were met.


Data Sheet report:
-----------------
All values displayed in nanoseconds (ns)

Clock to Setup on destination clock ac97_bitclk
---------------+---------+---------+---------+---------+
               | Src:Rise| Src:Fall| Src:Rise| Src:Fall|
Source Clock   |Dest:Rise|Dest:Rise|Dest:Fall|Dest:Fall|
---------------+---------+---------+---------+---------+
ac97_bitclk    |    2.564|         |         |         |
---------------+---------+---------+---------+---------+


Timing summary:
---------------

Timing errors: 0  Score: 0  (Setup/Max: 0, Hold: 0)

Constraints cover 584 paths, 0 nets, and 152 connections

Design statistics:
   Minimum period:   2.564ns{1}   (Maximum frequency: 390.016MHz)


------------------------------------Footnotes-----------------------------------
1)  The minimum period statistic assumes all single cycle delays.

Analysis completed Wed Nov 20 11:38:25 2013 
--------------------------------------------------------------------------------

Trace Settings:
-------------------------
Trace Settings 

Peak Memory Usage: 666 MB



