Release 14.3 - xst P.40xd (nt64)
Copyright (c) 1995-2012 Xilinx, Inc.  All rights reserved.
--> Parameter TMPDIR set to xst/projnav.tmp


Total REAL time to Xst completion: 0.00 secs
Total CPU time to Xst completion: 0.08 secs
 
--> Parameter xsthdpdir set to xst


Total REAL time to Xst completion: 0.00 secs
Total CPU time to Xst completion: 0.08 secs
 
--> Reading design: tb.prj

TABLE OF CONTENTS
  1) Synthesis Options Summary
  2) HDL Compilation
  3) Design Hierarchy Analysis
  4) HDL Analysis
  5) HDL Synthesis
     5.1) HDL Synthesis Report
  6) Advanced HDL Synthesis
     6.1) Advanced HDL Synthesis Report
  7) Low Level Synthesis
  8) Partition Report
  9) Final Report
	9.1) Device utilization summary
	9.2) Partition Resource Summary
	9.3) TIMING REPORT


=========================================================================
*                      Synthesis Options Summary                        *
=========================================================================
---- Source Parameters
Input File Name                    : "tb.prj"
Input Format                       : mixed
Ignore Synthesis Constraint File   : NO

---- Target Parameters
Output File Name                   : "tb"
Output Format                      : NGC
Target Device                      : xc5vlx110t-1-ff1136

---- Source Options
Top Module Name                    : tb
Automatic FSM Extraction           : YES
FSM Encoding Algorithm             : Auto
Safe Implementation                : No
FSM Style                          : LUT
RAM Extraction                     : Yes
RAM Style                          : Auto
ROM Extraction                     : Yes
Mux Style                          : Auto
Decoder Extraction                 : YES
Priority Encoder Extraction        : Yes
Shift Register Extraction          : YES
Logical Shifter Extraction         : YES
XOR Collapsing                     : YES
ROM Style                          : Auto
Mux Extraction                     : Yes
Resource Sharing                   : YES
Asynchronous To Synchronous        : NO
Use DSP Block                      : Auto
Automatic Register Balancing       : No

---- Target Options
LUT Combining                      : Auto
Reduce Control Sets                : Auto
Add IO Buffers                     : YES
Global Maximum Fanout              : 100000
Add Generic Clock Buffer(BUFG)     : 32
Register Duplication               : YES
Slice Packing                      : YES
Optimize Instantiated Primitives   : NO
Use Clock Enable                   : Auto
Use Synchronous Set                : Auto
Use Synchronous Reset              : Auto
Pack IO Registers into IOBs        : Auto
Equivalent register Removal        : YES

---- General Options
Optimization Goal                  : Speed
Optimization Effort                : 1
Power Reduction                    : NO
Keep Hierarchy                     : No
Netlist Hierarchy                  : As_Optimized
RTL Output                         : Yes
Global Optimization                : AllClockNets
Read Cores                         : YES
Write Timing Constraints           : NO
Cross Clock Analysis               : NO
Hierarchy Separator                : /
Bus Delimiter                      : <>
Case Specifier                     : Maintain
Slice Utilization Ratio            : 100
BRAM Utilization Ratio             : 100
DSP48 Utilization Ratio            : 100
Verilog 2001                       : YES
Auto BRAM Packing                  : NO
Slice Utilization Ratio Delta      : 5

---- Other Options
Cores Search Directories           : {"ipcore_dir"  }

=========================================================================


=========================================================================
*                          HDL Compilation                              *
=========================================================================
Compiling verilog file "ipcore_dir/dram.v" in library work
Compiling verilog file "tb.v" in library work
Module <dram> compiled
Module <tb> compiled
No errors in compilation
Analysis of file <"tb.prj"> succeeded.
 

=========================================================================
*                     Design Hierarchy Analysis                         *
=========================================================================
Analyzing hierarchy for module <tb> in library <work>.


=========================================================================
*                            HDL Analysis                               *
=========================================================================
Analyzing top module <tb>.
WARNING:Xst:2211 - "ipcore_dir/dram.v" line 28: Instantiating black box module <dram>.
Module <tb> is correct for synthesis.
 

=========================================================================
*                           HDL Synthesis                               *
=========================================================================

Performing bidirectional port resolution...

Synthesizing Unit <tb>.
    Related source file is "tb.v".
Unit <tb> synthesized.


=========================================================================
HDL Synthesis Report

Found no macro
=========================================================================

=========================================================================
*                       Advanced HDL Synthesis                          *
=========================================================================

Reading core <ipcore_dir/dram.ngc>.
Loading core <dram> for timing and area information for instance <drm>.

=========================================================================
Advanced HDL Synthesis Report

Found no macro
=========================================================================

=========================================================================
*                         Low Level Synthesis                           *
=========================================================================

Optimizing unit <tb> ...

Mapping all equations...
Building and optimizing final netlist ...
Found area constraint ratio of 100 (+ 5) on block tb, actual ratio is 0.

Final Macro Processing ...

=========================================================================
Final Register Report

Found no macro
=========================================================================

=========================================================================
*                           Partition Report                            *
=========================================================================

Partition Implementation Status
-------------------------------

  No Partitions were found in this design.

-------------------------------

=========================================================================
*                            Final Report                               *
=========================================================================
Final Results
RTL Top Level Output File Name     : tb.ngr
Top Level Output File Name         : tb
Output Format                      : NGC
Optimization Goal                  : Speed
Keep Hierarchy                     : No

Design Statistics
# IOs                              : 33

Cell Usage :
# BELS                             : 34
#      GND                         : 1
#      LUT3                        : 8
#      LUT6                        : 16
#      MUXF7                       : 8
#      VCC                         : 1
# FlipFlops/Latches                : 3
#      FDE                         : 3
# RAMS                             : 8
#      RAMB36_EXP                  : 8
# Clock Buffers                    : 1
#      BUFGP                       : 1
# IO Buffers                       : 32
#      IBUF                        : 24
#      OBUF                        : 8
=========================================================================

Device utilization summary:
---------------------------

Selected Device : 5vlx110tff1136-1 


Slice Logic Utilization: 
 Number of Slice Registers:               3  out of  69120     0%  
 Number of Slice LUTs:                   24  out of  69120     0%  
    Number used as Logic:                24  out of  69120     0%  

Slice Logic Distribution: 
 Number of LUT Flip Flop pairs used:     27
   Number with an unused Flip Flop:      24  out of     27    88%  
   Number with an unused LUT:             3  out of     27    11%  
   Number of fully used LUT-FF pairs:     0  out of     27     0%  
   Number of unique control sets:         1

IO Utilization: 
 Number of IOs:                          33
 Number of bonded IOBs:                  33  out of    640     5%  

Specific Feature Utilization:
 Number of Block RAM/FIFO:                8  out of    148     5%  
    Number using Block RAM only:          8
 Number of BUFG/BUFGCTRLs:                1  out of     32     3%  

---------------------------
Partition Resource Summary:
---------------------------

  No Partitions were found in this design.

---------------------------


=========================================================================
TIMING REPORT

NOTE: THESE TIMING NUMBERS ARE ONLY A SYNTHESIS ESTIMATE.
      FOR ACCURATE TIMING INFORMATION PLEASE REFER TO THE TRACE REPORT
      GENERATED AFTER PLACE-and-ROUTE.

Clock Information:
------------------
-----------------------------------+-------------------------------------------------------------------------------------------------------------------------------+-------+
Clock Signal                       | Clock buffer(FF name)                                                                                                         | Load  |
-----------------------------------+-------------------------------------------------------------------------------------------------------------------------------+-------+
clka                               | BUFGP                                                                                                                         | 11    |
drm/N1                             | NONE(drm/U0/xst_blk_mem_generator/gnativebmg.native_blk_mem_gen/valid.cstr/ramloop[7].ram.r/v5_noinit.ram/SP.SINGLE_PRIM36.SP)| 8     |
-----------------------------------+-------------------------------------------------------------------------------------------------------------------------------+-------+
INFO:Xst:2169 - HDL ADVISOR - Some clock signals were not automatically buffered by XST with BUFG/BUFR resources. Please use the buffer_type constraint in order to insert these buffers to the clock signals to help prevent skew problems.

Asynchronous Control Signals Information:
----------------------------------------
-----------------------------------+-------------------------------------------------------------------------------------------------------------------------------+-------+
Control Signal                     | Buffer(FF name)                                                                                                               | Load  |
-----------------------------------+-------------------------------------------------------------------------------------------------------------------------------+-------+
drm/N1(drm/XST_GND:G)              | NONE(drm/U0/xst_blk_mem_generator/gnativebmg.native_blk_mem_gen/valid.cstr/ramloop[0].ram.r/v5_noinit.ram/SP.SINGLE_PRIM36.SP)| 64    |
-----------------------------------+-------------------------------------------------------------------------------------------------------------------------------+-------+

Timing Summary:
---------------
Speed Grade: -1

   Minimum period: No path found
   Minimum input arrival time before clock: 2.421ns
   Maximum output required time after clock: 6.115ns
   Maximum combinational path delay: No path found

Timing Detail:
--------------
All values displayed in nanoseconds (ns)

=========================================================================
Timing constraint: Default OFFSET IN BEFORE for Clock 'clka'
  Total number of paths / destination ports: 371 / 339
-------------------------------------------------------------------------
Offset:              2.421ns (Levels of Logic = 3)
  Source:            addra<14> (PAD)
  Destination:       drm/U0/xst_blk_mem_generator/gnativebmg.native_blk_mem_gen/valid.cstr/ramloop[7].ram.r/v5_noinit.ram/SP.SINGLE_PRIM36.SP (RAM)
  Destination Clock: clka rising

  Data Path: addra<14> to drm/U0/xst_blk_mem_generator/gnativebmg.native_blk_mem_gen/valid.cstr/ramloop[7].ram.r/v5_noinit.ram/SP.SINGLE_PRIM36.SP
                                Gate     Net
    Cell:in->out      fanout   Delay   Delay  Logical Name (Net Name)
    ----------------------------------------  ------------
     IBUF:I->O             9   0.818   0.754  addra_14_IBUF (addra_14_IBUF)
     begin scope: 'drm'
     LUT3:I0->O            2   0.094   0.341  U0/xst_blk_mem_generator/gnativebmg.native_blk_mem_gen/valid.cstr/out71 (U0/xst_blk_mem_generator/gnativebmg.native_blk_mem_gen/valid.cstr/ramloop[7].ram.ram_ena)
     RAMB36_EXP:ENAU           0.414          U0/xst_blk_mem_generator/gnativebmg.native_blk_mem_gen/valid.cstr/ramloop[7].ram.r/v5_noinit.ram/SP.SINGLE_PRIM36.SP
    ----------------------------------------
    Total                      2.421ns (1.326ns logic, 1.095ns route)
                                       (54.8% logic, 45.2% route)

=========================================================================
Timing constraint: Default OFFSET OUT AFTER for Clock 'clka'
  Total number of paths / destination ports: 104 / 8
-------------------------------------------------------------------------
Offset:              6.115ns (Levels of Logic = 4)
  Source:            drm/U0/xst_blk_mem_generator/gnativebmg.native_blk_mem_gen/valid.cstr/ramloop[6].ram.r/v5_noinit.ram/SP.SINGLE_PRIM36.SP (RAM)
  Destination:       douta<6> (PAD)
  Source Clock:      clka rising

  Data Path: drm/U0/xst_blk_mem_generator/gnativebmg.native_blk_mem_gen/valid.cstr/ramloop[6].ram.r/v5_noinit.ram/SP.SINGLE_PRIM36.SP to douta<6>
                                Gate     Net
    Cell:in->out      fanout   Delay   Delay  Logical Name (Net Name)
    ----------------------------------------  ------------
     RAMB36_EXP:REGCLKAL->DOA6    1   2.190   0.789  U0/xst_blk_mem_generator/gnativebmg.native_blk_mem_gen/valid.cstr/ramloop[6].ram.r/v5_noinit.ram/SP.SINGLE_PRIM36.SP (U0/xst_blk_mem_generator/gnativebmg.native_blk_mem_gen/valid.cstr/ramloop[6].ram.ram_douta<6>)
     LUT6:I2->O            1   0.094   0.000  U0/xst_blk_mem_generator/gnativebmg.native_blk_mem_gen/valid.cstr/has_mux_a.A/Mmux_dout_mux_36 (U0/xst_blk_mem_generator/gnativebmg.native_blk_mem_gen/valid.cstr/has_mux_a.A/Mmux_dout_mux_36)
     MUXF7:I1->O           1   0.254   0.336  U0/xst_blk_mem_generator/gnativebmg.native_blk_mem_gen/valid.cstr/has_mux_a.A/Mmux_dout_mux_2_f7_5 (douta<6>)
     end scope: 'drm'
     OBUF:I->O                 2.452          douta_6_OBUF (douta<6>)
    ----------------------------------------
    Total                      6.115ns (4.990ns logic, 1.125ns route)
                                       (81.6% logic, 18.4% route)

=========================================================================


Total REAL time to Xst completion: 8.00 secs
Total CPU time to Xst completion: 8.20 secs
 
--> 

Total memory usage is 364584 kilobytes

Number of errors   :    0 (   0 filtered)
Number of warnings :    1 (   0 filtered)
Number of infos    :    1 (   0 filtered)

