#-----------------------------------------------------------
# Vivado v2013.2 (64-bit)
# Build 272601 by xbuild on Sat Jun 15 11:11:11 MDT 2013
# Start of session at: Fri Sep 20 16:15:10 2013
# Process ID: 21595
# Log file: /Gameboy/WHACKAMOLE/vivado.log
# Journal file: /Gameboy/WHACKAMOLE/vivado.jou
#-----------------------------------------------------------
INFO: [Common 17-78] Attempting to get a license: Implementation
INFO: [Common 17-81] Feature available: Implementation
INFO: [Common 17-78] Attempting to get a license: Synthesis
INFO: [Common 17-81] Feature available: Synthesis
INFO: [Device 21-36] Loading parts and site information from /opt/Xilinx/Vivado/2013.2/data/parts/arch.xml
Parsing RTL primitives file [/opt/Xilinx/Vivado/2013.2/data/parts/xilinx/rtl/prims/rtl_prims.xml]
Finished parsing RTL primitives file [/opt/Xilinx/Vivado/2013.2/data/parts/xilinx/rtl/prims/rtl_prims.xml]
INFO: [Common 17-362] Using Tcl App repository from '/opt/Xilinx/Vivado/2013.2/data/XilinxTclStore'.
INFO: [Common 17-364] Updating Tcl app persistent manifest '/root/.Xilinx/Vivado/tclapp/manifest.tcl'
start_gui
open_project /Gameboy/WHACKAMOLE/easy/easy.xpr
Scanning sources...
Finished scanning sources
launch_impact 
INFO: [Chipscope 16-8] Launching iMPACT with command: impact -intstyle pa -mode bscan -port auto -autoassign -b /Gameboy/WHACKAMOLE/easy/easy.runs/impl_1/top.bit
reset_run synth_1
launch_runs synth_1
[Fri Sep 20 16:37:00 2013] Launched synth_1...
Run output will be captured here: /Gameboy/WHACKAMOLE/easy/easy.runs/synth_1/runme.log
launch_runs impl_1
[Fri Sep 20 16:37:54 2013] Launched impl_1...
Run output will be captured here: /Gameboy/WHACKAMOLE/easy/easy.runs/impl_1/runme.log
launch_runs impl_1 -to_step write_bitstream
[Fri Sep 20 16:39:47 2013] Launched impl_1...
Run output will be captured here: /Gameboy/WHACKAMOLE/easy/easy.runs/impl_1/runme.log
exit
INFO: [Common 17-206] Exiting Vivado at Fri Sep 20 16:44:16 2013...
