#-----------------------------------------------------------
# Vivado v2013.2 (64-bit)
# Build 272601 by xbuild on Sat Jun 15 11:11:11 MDT 2013
# Start of session at: Fri Sep 20 17:01:20 2013
# Process ID: 24272
# Log file: /Gameboy/WHACKAMOLE/vivado.log
# Journal file: /Gameboy/WHACKAMOLE/vivado.jou
#-----------------------------------------------------------
INFO: [Common 17-78] Attempting to get a license: Implementation
INFO: [Common 17-81] Feature available: Implementation
INFO: [Common 17-78] Attempting to get a license: Synthesis
INFO: [Common 17-81] Feature available: Synthesis
INFO: [Device 21-36] Loading parts and site information from /opt/Xilinx/Vivado/2013.2/data/parts/arch.xml
Parsing RTL primitives file [/opt/Xilinx/Vivado/2013.2/data/parts/xilinx/rtl/prims/rtl_prims.xml]
Finished parsing RTL primitives file [/opt/Xilinx/Vivado/2013.2/data/parts/xilinx/rtl/prims/rtl_prims.xml]
INFO: [Common 17-362] Using Tcl App repository from '/opt/Xilinx/Vivado/2013.2/data/XilinxTclStore'.
INFO: [Common 17-364] Updating Tcl app persistent manifest '/root/.Xilinx/Vivado/tclapp/manifest.tcl'
start_gui
exit
INFO: [Common 17-206] Exiting Vivado at Fri Sep 20 17:02:27 2013...
