iMPACT Version: 14.3

iMPACT log file Started on Wed Dec 04 01:53:58 2013

Welcome to iMPACT
iMPACT Version: 14.3
Project:'C:\Users\Joseph\Documents\F13\18545\labs\2\chipscope\\auto_project.ipf' alreadyexists.
Original project has been renamed to'C:\Users\Joseph\Documents\F13\18545\labs\2\chipscope\\auto_project_1.ipf'.
Project: C:\Users\Joseph\Documents\F13\18545\labs\2\chipscope\\auto_project.ipfcreated.
// *** BATCH CMD : setMode -bs
GUI --- Auto connect to cable...
// *** BATCH CMD : setCable -port auto
INFO:iMPACT - Digilent Plugin: Plugin Version: 2.4.4
INFO:iMPACT - Digilent Plugin: no JTAG device was found.
AutoDetecting cable. Please wait.
*** WARNING ***: When port is set to auto detect mode, cable speed is set todefault 6 MHz regardless of explicit arguments supplied for setting the baudrates
PROGRESS_START - Starting Operation.
Connecting to cable (Usb Port - USB21).
Checking cable driver.
 Driver file xusb21.sys found.
 File C:/Xilinx/14.3/ISE_DS/ISE/bin/nt64/xusb21.sys not found.
 Driver file xusb_xlp.sys found.
 Driver version: src=1029, dest=1029.
 Driver windrvr6.sys version = 10.2.1.0. WinDriver v10.21 Jungo (c) 1997 - 2010 Build Date: Aug 31 2010 x86_64 64bit SYS14:14:44, version = 1021.
 Cable PID = 0008.
 Max current requested during enumeration is 74 mA.
Type = 0x0004.
 Cable Type = 3, Revision = 0.
 Setting cable speed to 6 MHz.
Cable connection established.
Firmware version = 1303.
File version of C:/Xilinx/14.3/ISE_DS/ISE/data/xusb_xlp.hex = 1303.
Firmware hex file version = 1303.
PLD file version = 0012h.
 PLD version = 0012h.
PROGRESS_END - End Operation.
Elapsed time =      0 sec.
Type = 0x0004.
ESN option: 000010EF936801.
Attempting to identify devices in the boundary-scan chain configuration...
INFO:iMPACT - Current time: 12/4/2013 1:54:03 AM
// *** BATCH CMD : Identify -inferir 
PROGRESS_START - Starting Operation.
Identifying chain contents...'0': : Manufacturer's ID = Xilinx xc5vlx110t, Version : 7
INFO:iMPACT:1777 - 
   Reading C:/Xilinx/14.3/ISE_DS/ISE/virtex5/data/xc5vlx110t.bsd...
INFO:iMPACT:501 - '1': Added Device xc5vlx110t successfully.
----------------------------------------------------------------------
'1': : Manufacturer's ID = Xilinx xccace, Version : 0
INFO:iMPACT:1777 - 
   Reading C:/Xilinx/14.3/ISE_DS/ISE/acecf/data/xccace.bsd...
INFO:iMPACT:501 - '1': Added Device xccace successfully.
----------------------------------------------------------------------
'2': : Manufacturer's ID = Xilinx xc95144xl, Version : 5
INFO:iMPACT:1777 - 
   Reading C:/Xilinx/14.3/ISE_DS/ISE/xc9500xl/data/xc95144xl.bsd...
INFO:iMPACT:501 - '1': Added Device xc95144xl successfully.
----------------------------------------------------------------------
'3': : Manufacturer's ID = Xilinx xcf32p, Version : 15
INFO:iMPACT:1777 - 
   Reading C:/Xilinx/14.3/ISE_DS/ISE/xcfp/data/xcf32p.bsd...
INFO:iMPACT:501 - '1': Added Device xcf32p successfully.
----------------------------------------------------------------------
'4': : Manufacturer's ID = Xilinx xcf32p, Version : 15
INFO:iMPACT:501 - '1': Added Device xcf32p successfully.
----------------------------------------------------------------------
done.
PROGRESS_END - End Operation.
Elapsed time =      0 sec.
// *** BATCH CMD : identifyMPM 
// *** BATCH CMD : assignFile -p 5 -file"C:/Users/Joseph/Documents/GitHub/Gameboy/GAMEBOY_TOP_SIMPLE/lcd_top_flashcart.bit"
'5': Loading file'C:/Users/Joseph/Documents/GitHub/Gameboy/GAMEBOY_TOP_SIMPLE/lcd_top_flashcart.bit' ...
done.
INFO:iMPACT:2257 - Startup Clock has been changed to 'JtagClk' in the bitstream   stored in memory,
   but the original bitstream file remains unchanged.
UserID read from the bitstream file = 0xFFFFFFFF.
----------------------------------------------------------------------
INFO:iMPACT:501 - '5': Added Device xc5vlx110t successfully.
----------------------------------------------------------------------
INFO:iMPACT - Current time: 12/4/2013 1:54:26 AM
// *** BATCH CMD : Program -p 5 
Maximum TCK operating frequency for this device chain: 10000000.
Validating chain...
Boundary-scan chain validated successfully.
5: Device Temperature: Current Reading:   54.31 C, Min. Reading:   53.82 C, Max.Reading:   58.25 C
5: VCCINT Supply: Current Reading:   1.011 V, Min. Reading:   1.011 V, Max.Reading:   1.020 V
5: VCCAUX Supply: Current Reading:   2.525 V, Min. Reading:   2.522 V, Max.Reading:   2.546 V
PROGRESS_START - Starting Operation.
'5': Programming device...
 Match_cycle = NoWait.
Match cycle: NoWait
 LCK_cycle = NoWait.
LCK cycle: NoWait
done.
INFO:iMPACT:2219 - Status register values:
INFO:iMPACT - 0011 1111 0111 1110 0000 1011 1100 0000 
INFO:iMPACT:579 - '5': Completed downloading bit file to device.
INFO:iMPACT:188 - '5': Programming completed successfully.
 Match_cycle = NoWait.
Match cycle: NoWait
 LCK_cycle = NoWait.
LCK cycle: NoWait
INFO:iMPACT - '5': Checking done pin....done.
'5': Programmed successfully.
PROGRESS_END - End Operation.
Elapsed time =      9 sec.
Selected part: 28F256P30
// *** BATCH CMD : attachflash -position 5 -bpi "28F256P30"
// *** BATCH CMD : assignfiletoattachedflash -position 5 -file"C:/Users/Joseph/Documents/F13/18545/programs/test_roms/tetris.mcs"
INFO:iMPACT - Current time: 12/4/2013 1:55:28 AM
// *** BATCH CMD : Program -p 5 -dataWidth 16 -rs1 NONE -rs0 NONE -bpionly -e -v 
Maximum TCK operating frequency for this device chain: 10000000.
Validating chain...
Boundary-scan chain validated successfully.
5: Device Temperature: Current Reading:   53.82 C, Min. Reading:   53.33 C, Max.Reading:   54.31 C
5: VCCINT Supply: Current Reading:   1.011 V, Min. Reading:   1.011 V, Max.Reading:   1.014 V
5: VCCAUX Supply: Current Reading:   2.525 V, Min. Reading:   2.520 V, Max.Reading:   2.528 V
PROGRESS_START - Starting Operation.
'5': BPI access core not detected. BPI access core will be downloaded to thedevice to enable operations.
INFO:iMPACT - Downloading core file   C:/Xilinx/14.3/ISE_DS/ISE/virtex5/data/xc5vlx110t_jbpi.cor.
'5': Downloading core...
 Match_cycle = NoWait.
Match cycle: NoWait
 LCK_cycle = NoWait.
LCK cycle: NoWait
done.
INFO:iMPACT:2219 - Status register values:
INFO:iMPACT - 0011 1111 0111 1110 0000 1011 1100 0000 
INFO:iMPACT:2492 - '5': Completed downloading core to device.
Current cable speed is set to 6.000 Mhz.
Cable speed is default to 3Mhz or lower for BPI operations.
Current cable speed is set to 3.000 Mhz.
Setting Flash Control Pins ...
Populating BPI common flash interface ...
Common Flash Interface Information Query completed successfully.
INFO:iMPACT - Common Flash Interface Information from Device:
INFO:iMPACT - Verification string:	 51 52 59
INFO:iMPACT - Manufacturer ID:    	 89 
INFO:iMPACT - Vendor ID:          	 01 
INFO:iMPACT - Device Code:        	 19 
Using x16 mode ...
Setting Flash Control Pins ...
'5': Erasing device...
'5': Start address = 0x00000000, End address = 0x00010207.
done.
'5': Erasure completed successfully.
Using x16 mode ...
Setting Flash Control Pins ...
INFO:iMPACT - Using Word Programming.
'5': Programming Flash.
done.
'5': Flash Programming completed successfully.
Using x16 mode ...
Setting Flash Control Pins ...
'5': Reading device contents...
done.
'5': Verification completed.
Current cable speed is resumed to 6.000 Mhz.
'5': Programming device...
 Match_cycle = NoWait.
Match cycle: NoWait
 LCK_cycle = NoWait.
LCK cycle: NoWait
done.
INFO:iMPACT:2219 - Status register values:
INFO:iMPACT - 0011 1111 0111 1110 0000 1011 1100 0000 
INFO:iMPACT:579 - '5': Completed downloading bit file to device.
INFO:iMPACT:188 - '5': Programming completed successfully.
 Match_cycle = NoWait.
Match cycle: NoWait
 LCK_cycle = NoWait.
LCK cycle: NoWait
INFO:iMPACT - '5': Checking done pin....done.
'5': Programmed successfully.
PROGRESS_END - End Operation.
Elapsed time =     35 sec.
